Log file open, 10/28/14 22:43:49
LogInit:Display: Running engine for game: Unlit
LogInit: Version: 4.4.3-2296771+++depot+UE4-Releases+4.4
LogInit: API Version: 2255576
LogInit: Compiled (64-bit): Sep 13 2014 22:30:58
LogInit: Build Configuration: Development
LogInit: Branch Name: ++depot+UE4-Releases+4.4
LogInit: Command line:  
LogInit: Base directory: C:/Program Files/Unreal Engine/4.4/Engine/Binaries/Win64/
LogInit: Rocket: 1
[2014.10.29-02.43.49:991][  0]LogTaskGraph: Started task graph with 3 named threads and 4 total threads.
[2014.10.29-02.43.50:027][  0]LogOnline:Warning: No default platform service specified for OnlineSubsystem
[2014.10.29-02.43.50:042][  0]LogInit: Presizing for 0 objects not considered by GC, pre-allocating 0 bytes.
[2014.10.29-02.43.50:049][  0]LogInit: Object subsystem initialized
[2014.10.29-02.43.50:051][  0]LogInit: Selected Device Profile: [Windows]
[2014.10.29-02.43.50:051][  0]LogInit: Applying CVar settings loaded from the selected device profile: [Windows]
[2014.10.29-02.43.50:061][  0]LogInit: Computer: DAVID
[2014.10.29-02.43.50:061][  0]LogInit: User: David
[2014.10.29-02.43.50:062][  0]LogInit: CPU Page size=4096, Cores=2
[2014.10.29-02.43.50:062][  0]LogInit: High frequency timer resolution =2.338342 MHz
[2014.10.29-02.43.50:062][  0]LogMemory: Memory total: Physical=7.9GB (8GB approx) Virtual=131072.0GB
[2014.10.29-02.43.50:062][  0]LogMemory: Platform Memory Stats for Windows
[2014.10.29-02.43.50:062][  0]LogMemory: Process Physical Memory: 60.00 MB used, 60.14 MB peak
[2014.10.29-02.43.50:062][  0]LogMemory: Process Virtual Memory: 35.98 MB used, 36.14 MB peak
[2014.10.29-02.43.50:063][  0]LogMemory: Physical Memory: 2962.88 MB used, 8075.16 MB total
[2014.10.29-02.43.50:063][  0]LogMemory: Virtual Memory: 268.94 MB used, 134217728.00 MB total
[2014.10.29-02.43.50:096][  0]LogD3D11RHI: Found D3D11 adapter 0: Intel(R) HD Graphics Family (Feature Level 11_0)
[2014.10.29-02.43.50:096][  0]LogD3D11RHI: Adapter has 32MB of dedicated video memory, 0MB of dedicated system memory, and 1760MB of shared system memory, 1 output[s]
[2014.10.29-02.43.50:098][  0]LogD3D11RHI: Found D3D11 adapter 1: Microsoft Basic Render Driver (Feature Level 11_0)
[2014.10.29-02.43.50:098][  0]LogD3D11RHI: Adapter has 0MB of dedicated video memory, 0MB of dedicated system memory, and 256MB of shared system memory, 0 output[s]
[2014.10.29-02.43.50:098][  0]LogD3D11RHI: Chosen D3D11 Adapter Id = 0
[2014.10.29-02.43.50:103][  0]LogRHI: Texture pool is 638 MB (70% of 912 MB)
[2014.10.29-02.43.50:118][  0]LogD3D11RHI: Async texture creation enabled
[2014.10.29-02.43.50:247][  0]LogContentStreaming: Texture pool size is 0.000000MB
[2014.10.29-02.43.52:070][  0]LogTargetPlatformManager:Display: Building Assets For Windows
[2014.10.29-02.43.52:638][  0]LogTargetPlatformManager:Display: Building Assets For Windows
[2014.10.29-02.43.52:702][  0]LogDerivedDataCache:Display: Max Cache Size: 512 MB
[2014.10.29-02.43.52:754][  0]LogDerivedDataCache: Loaded boot cache 0.05s 39MB C:/Users/David/AppData/Local/UnrealEngine/4.4/DerivedDataCache/Boot.ddc.
[2014.10.29-02.43.52:754][  0]LogDerivedDataCache:Display: Loaded Boot cache: C:/Users/David/AppData/Local/UnrealEngine/4.4/DerivedDataCache/Boot.ddc
[2014.10.29-02.43.52:754][  0]LogDerivedDataCache: FDerivedDataBackendGraph:  Pak pak cache file ../../../../../../Users/David/Documents/Unreal Projects/Unlit/DerivedDataCache/DDC.ddp not found, will not use a pak cache.
[2014.10.29-02.43.52:754][  0]LogDerivedDataCache: Unable to find inner node Pak for hierarchical cache Hierarchy.
[2014.10.29-02.43.52:773][  0]LogDerivedDataCache:Display: Pak cache opened for reading ../../../Engine/DerivedDataCache/DDC.ddp.
[2014.10.29-02.43.52:787][  0]LogDerivedDataCache: Using Local data cache path C:/Users/David/AppData/Local/UnrealEngine/4.4/DerivedDataCache: Writable
[2014.10.29-02.43.53:012][  0]LogMeshUtilities: No automatic mesh reduction module available
[2014.10.29-02.43.53:012][  0]LogMeshUtilities: No automatic mesh merging module available
[2014.10.29-02.43.53:472][  0]LogInit: WinSock: version 1.1 (2.2), MaxSocks=32767, MaxUdp=65467
[2014.10.29-02.43.54:532][  0]LogStats:Warning: MetaData mismatch. Did you assign a stat to two groups? New //STATGROUP_Threads//FMonitoredProcess///Thread_16b4_0///////STATCAT_Advanced//// old //STATGROUP_Threads//FMonitoredProcess///Thread_22fc_0///////STATCAT_Advanced////
[2014.10.29-02.43.54:532][  0]UdpMessaging: Initializing bridge on interface 0.0.0.0:0 to multicast group 230.0.0.1:6666.
[2014.10.29-02.43.54:701][  0]SourceControl: Info Source control is disabled
[2014.10.29-02.43.54:701][  0]SourceControl: Info Source control is disabled
[2014.10.29-02.43.54:713][  0]SourceControl: Info Source control is disabled
[2014.10.29-02.43.54:990][  0]BlueprintLog: New page: Editor Load
[2014.10.29-02.43.55:166][  0]LogObj: 21438 objects as part of root set at end of initial load.
[2014.10.29-02.43.55:166][  0]LogUObjectAllocator: 4218656 out of 0 bytes used by permanent object pool.
[2014.10.29-02.43.55:355][  0]LogEngine: Initializing Engine...
[2014.10.29-02.43.55:490][  0]LogInit: XAudio2 using 'Speakers (Realtek High Definition Audio)' : 2 channels at 48 kHz using 32 bits per sample (channel mask 0x3)
[2014.10.29-02.43.55:630][  0]LogInit: FAudioDevice initialized.
[2014.10.29-02.43.55:661][  0]LogAIModule: Creating AISystem for world NewWorld
[2014.10.29-02.43.55:690][  0]LogDerivedDataCache: Saved boot cache 0.03s 39MB C:/Users/David/AppData/Local/UnrealEngine/4.4/DerivedDataCache/Boot.ddc.
[2014.10.29-02.43.55:695][  0]LogInit: Texture streaming: Enabled
[2014.10.29-02.43.55:752][  0]LogInit: Transaction tracking system initialized
[2014.10.29-02.43.55:955][  0]LogAssetRegistry: FAssetRegistry took 0.0104 seconds to start up
[2014.10.29-02.43.56:734][  0]LogTargetPlatformManager:Display: Building Assets For Windows
[2014.10.29-02.43.57:176][  0]LogTargetPlatformManager:Display: Building Assets For Windows
[2014.10.29-02.43.57:405][  0]LogConsoleResponse:Display: 
[2014.10.29-02.43.57:695][  0]LogStats:Warning: MetaData mismatch. Did you assign a stat to two groups? New //STATGROUP_Threads//FMonitoredProcess///Thread_5a4_0///////STATCAT_Advanced//// old //STATGROUP_Threads//FMonitoredProcess///Thread_22fc_0///////STATCAT_Advanced////
[2014.10.29-02.43.57:695][  0]LogStats:Warning: MetaData mismatch. Did you assign a stat to two groups? New //STATGROUP_Threads//FMonitoredProcess///Thread_20a0_0///////STATCAT_Advanced//// old //STATGROUP_Threads//FMonitoredProcess///Thread_22fc_0///////STATCAT_Advanced////
[2014.10.29-02.43.57:695][  0]SourceControl: Info Source control is disabled
[2014.10.29-02.43.57:695][  0]Cmd: MAP LOAD FILE="../../../../../../Users/David/Documents/Unreal Projects/Unlit/Content/Maps/Example_Map.umap" TEMPLATE=0 SHOWPROGRESS=1
[2014.10.29-02.43.57:696][  0]LightingResults: New page: Lighting Build
[2014.10.29-02.43.57:710][  0]MapCheck: New page: Map Check
[2014.10.29-02.43.57:710][  0]LightingResults: New page: Lighting Build
[2014.10.29-02.43.57:724][  0]LogParticles: Destroying 0 GPU particle simulations for FXSystem 0x000000543A895300
[2014.10.29-02.43.57:830][  0]LogEditorServer: Finished looking for orphan Actors (0.000 secs)
[2014.10.29-02.43.57:830][  0]LogAIModule: Creating AISystem for world Example_Map
[2014.10.29-02.43.57:830][  0]Cmd: MAP CHECKDEP
[2014.10.29-02.43.57:830][  0]MapCheck: New page: Example_Map - Oct 28, 2014, 6:43:57 PM
[2014.10.29-02.43.58:017][  0]MapCheck: Info ========== Map Check: 0 Error(s), 0 Warning(s), [186.87ms] ==========
[2014.10.29-02.43.58:017][  0]LogFileHelpers: Loading map 'Example_Map' took 0.322
[2014.10.29-02.43.58:174][  0]LogCollectionManager: Loaded 0 collections in 0.001560 seconds
[2014.10.29-02.43.58:291][  0]LogCrashTracker: Crashtracker disabled due to settings.
[2014.10.29-02.43.58:363][  0]LogLoad: Full Startup: 10.64 seconds (BP compile: 0.02 seconds)
[2014.10.29-02.43.58:382][  0]LogContentBrowser:Verbose: The content browser source was changed by the sources view to '/Game/Blueprints'
[2014.10.29-02.43.58:585][  0]LogRenderer:Warning: Reallocating scene render targets to support 32x32.
[2014.10.29-02.43.58:712][  0]LogRenderer:Warning: Reallocating scene render targets to support 864x688.
[2014.10.29-02.43.59:259][  3]LogAssetRegistry: Asset discovery search completed in 3.3141 seconds
[2014.10.29-02.44.20:347][960]LogSavePackage: Save=67.151428ms
[2014.10.29-02.44.20:347][960]LogSavePackage: Moving '../../../../../../Users/David/Documents/Unreal Projects/Unlit/Saved/UEDPCExample_Map5A52E74542C9BCEDCB6CD9965173927A.tmp' to '../../../../../../Users/David/Documents/Unreal Projects/Unlit/Saved/Autosaves/Game/Maps/UEDPCExample_Map.umap'
[2014.10.29-02.44.56:618][459]LogPlayLevel: PIE:  No blueprints needed recompiling
[2014.10.29-02.44.56:618][459]PIE: New page: PIE session: Example_Map (Oct 28, 2014, 6:44:56 PM)
[2014.10.29-02.44.56:652][459]LogPlayLevel: PIE: StaticDuplicateObject took: (0.033609s)
[2014.10.29-02.44.56:654][459]LogPlayLevel: PIE: World Init took: (0.001760s)
[2014.10.29-02.44.56:654][459]LogPlayLevel: PIE: Created PIE world by copying editor world from /Game/Maps/Example_Map.Example_Map to /Game/Maps/UEDPIE_0_Example_Map.Example_Map (0.035726s)
[2014.10.29-02.44.56:979][459]BlueprintLog:Warning: Warning Blueprint MyHUD has been migrated and requires re-saving to avoid import errors
[2014.10.29-02.44.56:979][459]BlueprintLog:Warning: Warning Blueprint MyGame has been migrated and requires re-saving to avoid import errors
[2014.10.29-02.44.56:981][459]LogWorld: Game class is 'MyGame_C'
[2014.10.29-02.44.56:982][459]LogAIModule: Creating AISystem for world Example_Map
[2014.10.29-02.44.56:989][459]LogWorld: Bringing World /Game/Maps/UEDPIE_0_Example_Map.Example_Map up for play (max tick rate 0) at 2014.10.28-22.44.56
[2014.10.29-02.44.56:989][459]LogWorld: Bringing up level for play took: 0.007258
[2014.10.29-02.44.56:991][459]PIE: Info Play in editor start time for /Game/Maps/UEDPIE_0_Example_Map 1.162
[2014.10.29-02.45.01:469][743]LogActorComponent: UnregisterComponent: (/Engine/Transient.CharacterMovementComponent_0) Not registered. Aborting.
[2014.10.29-02.45.01:469][743]LogActorComponent: UnregisterComponent: (/Engine/Transient.ProjectileMovementComponent_0) Not registered. Aborting.
[2014.10.29-02.45.01:490][743]LogParticles: Destroying 0 GPU particle simulations for FXSystem 0x000000542DBE2AC0
[2014.10.29-02.45.03:839][895]LogPlayLevel: PIE:  No blueprints needed recompiling
[2014.10.29-02.45.03:840][895]PIE: New page: PIE session: Example_Map (Oct 28, 2014, 6:45:03 PM)
[2014.10.29-02.45.03:866][895]LogPlayLevel: PIE: StaticDuplicateObject took: (0.026204s)
[2014.10.29-02.45.03:868][895]LogPlayLevel: PIE: World Init took: (0.002053s)
[2014.10.29-02.45.03:868][895]LogPlayLevel: PIE: Created PIE world by copying editor world from /Game/Maps/Example_Map.Example_Map to /Game/Maps/UEDPIE_0_Example_Map.Example_Map (0.028664s)
[2014.10.29-02.45.03:897][895]LogWorld: Game class is 'MyGame_C'
[2014.10.29-02.45.03:899][895]LogAIModule: Creating AISystem for world Example_Map
[2014.10.29-02.45.03:906][895]LogWorld: Bringing World /Game/Maps/UEDPIE_0_Example_Map.Example_Map up for play (max tick rate 0) at 2014.10.28-22.45.03
[2014.10.29-02.45.03:906][895]LogWorld: Bringing up level for play took: 0.007076
[2014.10.29-02.45.03:908][895]PIE: Info Play in editor start time for /Game/Maps/UEDPIE_0_Example_Map 0.078
[2014.10.29-02.45.06:774][ 70]LogParticles: Destroying 0 GPU particle simulations for FXSystem 0x0000005435FB1F80
[2014.10.29-02.45.13:684][411]LogEditorViewport: Clicking on Actor (LMB): Wall_400x200_Blueprint_C (Wall_400x200_Blueprint_3)
[2014.10.29-02.45.33:129][345]LogPlayLevel: PIE:  No blueprints needed recompiling
[2014.10.29-02.45.33:130][345]PIE: New page: PIE session: Example_Map (Oct 28, 2014, 6:45:33 PM)
[2014.10.29-02.45.33:161][345]LogPlayLevel: PIE: StaticDuplicateObject took: (0.031083s)
[2014.10.29-02.45.33:167][345]LogPlayLevel: PIE: World Init took: (0.005951s)
[2014.10.29-02.45.33:168][345]LogPlayLevel: PIE: Created PIE world by copying editor world from /Game/Maps/Example_Map.Example_Map to /Game/Maps/UEDPIE_0_Example_Map.Example_Map (0.037542s)
[2014.10.29-02.45.33:202][345]LogWorld: Game class is 'MyGame_C'
[2014.10.29-02.45.33:203][345]LogAIModule: Creating AISystem for world Example_Map
[2014.10.29-02.45.33:209][345]LogWorld: Bringing World /Game/Maps/UEDPIE_0_Example_Map.Example_Map up for play (max tick rate 0) at 2014.10.28-22.45.33
[2014.10.29-02.45.33:209][345]LogWorld: Bringing up level for play took: 0.006524
[2014.10.29-02.45.33:211][345]PIE: Info Play in editor start time for /Game/Maps/UEDPIE_0_Example_Map -0.619
[2014.10.29-02.48.20:113][593]LogParticles: Destroying 0 GPU particle simulations for FXSystem 0x000000543609F560
[2014.10.29-02.48.32:257][ 97]LogPlayLevel: PIE:  No blueprints needed recompiling
[2014.10.29-02.48.32:257][ 97]PIE: New page: PIE session: Example_Map (Oct 28, 2014, 6:48:32 PM)
[2014.10.29-02.48.32:290][ 97]LogPlayLevel: PIE: StaticDuplicateObject took: (0.033088s)
[2014.10.29-02.48.32:298][ 97]LogPlayLevel: PIE: World Init took: (0.007397s)
[2014.10.29-02.48.32:298][ 97]LogPlayLevel: PIE: Created PIE world by copying editor world from /Game/Maps/Example_Map.Example_Map to /Game/Maps/UEDPIE_0_Example_Map.Example_Map (0.040919s)
[2014.10.29-02.48.32:335][ 97]LogWorld: Game class is 'MyGame_C'
[2014.10.29-02.48.32:336][ 97]LogAIModule: Creating AISystem for world Example_Map
[2014.10.29-02.48.32:344][ 97]LogWorld: Bringing World /Game/Maps/UEDPIE_0_Example_Map.Example_Map up for play (max tick rate 0) at 2014.10.28-22.48.32
[2014.10.29-02.48.32:344][ 97]LogWorld: Bringing up level for play took: 0.007768
[2014.10.29-02.48.32:346][ 97]PIE: Info Play in editor start time for /Game/Maps/UEDPIE_0_Example_Map 0.516
[2014.10.29-02.48.33:072][133]LogParticles: Destroying 0 GPU particle simulations for FXSystem 0x000000543609D120
[2014.10.29-02.48.54:080][ 36]LogPlayLevel: PIE:  No blueprints needed recompiling
[2014.10.29-02.48.54:080][ 36]PIE: New page: PIE session: Example_Map (Oct 28, 2014, 6:48:54 PM)
[2014.10.29-02.48.54:110][ 36]LogPlayLevel: PIE: StaticDuplicateObject took: (0.029704s)
[2014.10.29-02.48.54:112][ 36]LogPlayLevel: PIE: World Init took: (0.002013s)
[2014.10.29-02.48.54:112][ 36]LogPlayLevel: PIE: Created PIE world by copying editor world from /Game/Maps/Example_Map.Example_Map to /Game/Maps/UEDPIE_0_Example_Map.Example_Map (0.032018s)
[2014.10.29-02.48.54:144][ 36]LogWorld: Game class is 'MyGame_C'
[2014.10.29-02.48.54:145][ 36]LogAIModule: Creating AISystem for world Example_Map
[2014.10.29-02.48.54:152][ 36]LogWorld: Bringing World /Game/Maps/UEDPIE_0_Example_Map.Example_Map up for play (max tick rate 0) at 2014.10.28-22.48.54
[2014.10.29-02.48.54:153][ 36]LogWorld: Bringing up level for play took: 0.007954
[2014.10.29-02.48.54:155][ 36]PIE: Info Play in editor start time for /Game/Maps/UEDPIE_0_Example_Map 0.325
[2014.10.29-02.50.43:230][795]LogPhysics:Warning: ConvertOverlappedShapeToImpactHit: MTD returned NaN :( normal: (X:-1.#IND00, Y:-1.#IND00, Z:-1.#IND00)
[2014.10.29-02.50.43:463][810]LogPhysics:Warning: ConvertOverlappedShapeToImpactHit: MTD returned NaN :( normal: (X:-1.#IND00, Y:-1.#IND00, Z:-1.#IND00)
[2014.10.29-02.50.43:463][810]LogPhysics:Warning: ConvertOverlappedShapeToImpactHit: MTD returned NaN :( normal: (X:-1.#IND00, Y:-1.#IND00, Z:-1.#IND00)
[2014.10.29-02.50.45:851][952]LogPhysics:Warning: ConvertOverlappedShapeToImpactHit: MTD returned NaN :( normal: (X:-1.#IND00, Y:-1.#IND00, Z:-1.#IND00)
[2014.10.29-02.50.45:851][952]LogPhysics:Warning: ConvertOverlappedShapeToImpactHit: MTD returned NaN :( normal: (X:-1.#IND00, Y:-1.#IND00, Z:-1.#IND00)
[2014.10.29-02.54.32:410][985]LogParticles: Destroying 0 GPU particle simulations for FXSystem 0x000000543609D9E0
[2014.10.29-02.55.15:342][973]LogActorComponent: UnregisterComponent: (/Engine/Transient.CharacterMovementComponent_1) Not registered. Aborting.
[2014.10.29-02.55.15:343][973]LogActorComponent: UnregisterComponent: (/Engine/Transient.ProjectileMovementComponent_1) Not registered. Aborting.
[2014.10.29-02.55.15:591][981]LogActorComponent: UnregisterComponent: (/Engine/Transient.ProjectileMovementComponent_2) Not registered. Aborting.
[2014.10.29-02.55.16:925][ 28]LogActorComponent: UnregisterComponent: (/Engine/Transient.ProjectileMovementComponent_3) Not registered. Aborting.
[2014.10.29-02.55.17:019][ 28]Cmd: OBJ SAVEPACKAGE PACKAGE="/Game/Blueprints/MyProjectile" FILE="../../../../../../Users/David/Documents/Unreal Projects/Unlit/Content/Blueprints/MyProjectile.uasset" SILENT=true
[2014.10.29-02.55.17:446][ 28]LogSavePackage: Save=385.667694ms
[2014.10.29-02.55.17:446][ 28]LogSavePackage: Moving '../../../../../../Users/David/Documents/Unreal Projects/Unlit/Saved/MyProjectile158872AB499E58DFC5D8AC88BC1D2449.tmp' to '../../../../../../Users/David/Documents/Unreal Projects/Unlit/Content/Blueprints/MyProjectile.uasset'
[2014.10.29-02.55.20:900][159]BlueprintLog: New page: Pre-PIE auto-recompile
[2014.10.29-02.55.20:900][159]LogPlayLevel: [PIE] Compiling MyProjectile before PIE...
[2014.10.29-02.55.20:973][159]LogPlayLevel: [PIE] Compiling MyCharacter before PIE...
[2014.10.29-02.55.21:052][159]LogActorComponent: UnregisterComponent: (/Engine/Transient.ProjectileMovementComponent_4) Not registered. Aborting.
[2014.10.29-02.55.21:069][159]LogParticles: Destroying 0 GPU particle simulations for FXSystem 0x0000005451ACEFC0
[2014.10.29-02.55.21:073][159]LogPlayLevel: PIE:  Blueprint regeneration took 172 ms (2 blueprints)
[2014.10.29-02.55.21:073][159]PIE: New page: PIE session: Example_Map (Oct 28, 2014, 6:55:21 PM)
[2014.10.29-02.55.21:102][159]LogPlayLevel: PIE: StaticDuplicateObject took: (0.029612s)
[2014.10.29-02.55.21:104][159]LogPlayLevel: PIE: World Init took: (0.001485s)
[2014.10.29-02.55.21:104][159]LogPlayLevel: PIE: Created PIE world by copying editor world from /Game/Maps/Example_Map.Example_Map to /Game/Maps/UEDPIE_0_Example_Map.Example_Map (0.031551s)
[2014.10.29-02.55.21:136][159]LogWorld: Game class is 'MyGame_C'
[2014.10.29-02.55.21:137][159]LogAIModule: Creating AISystem for world Example_Map
[2014.10.29-02.55.21:142][159]LogWorld: Bringing World /Game/Maps/UEDPIE_0_Example_Map.Example_Map up for play (max tick rate 0) at 2014.10.28-22.55.21
[2014.10.29-02.55.21:142][159]LogWorld: Bringing up level for play took: 0.005422
[2014.10.29-02.55.21:144][159]PIE: Info Play in editor start time for /Game/Maps/UEDPIE_0_Example_Map -0.686
[2014.10.29-02.56.01:071][371]LogActorComponent: UnregisterComponent: (/Engine/Transient.CharacterMovementComponent_2) Not registered. Aborting.
[2014.10.29-02.56.01:120][372]LogParticles: Destroying 0 GPU particle simulations for FXSystem 0x00000054514672E0
[2014.10.29-02.56.05:062][538]LogPlayLevel: PIE:  No blueprints needed recompiling
[2014.10.29-02.56.05:062][538]PIE: New page: PIE session: Example_Map (Oct 28, 2014, 6:56:05 PM)
[2014.10.29-02.56.05:097][538]LogPlayLevel: PIE: StaticDuplicateObject took: (0.034681s)
[2014.10.29-02.56.05:099][538]LogPlayLevel: PIE: World Init took: (0.001634s)
[2014.10.29-02.56.05:099][538]LogPlayLevel: PIE: Created PIE world by copying editor world from /Game/Maps/Example_Map.Example_Map to /Game/Maps/UEDPIE_0_Example_Map.Example_Map (0.036645s)
[2014.10.29-02.56.05:132][538]LogWorld: Game class is 'MyGame_C'
[2014.10.29-02.56.05:133][538]LogAIModule: Creating AISystem for world Example_Map
[2014.10.29-02.56.05:138][538]LogWorld: Bringing World /Game/Maps/UEDPIE_0_Example_Map.Example_Map up for play (max tick rate 0) at 2014.10.28-22.56.05
[2014.10.29-02.56.05:139][538]LogWorld: Bringing up level for play took: 0.005584
[2014.10.29-02.56.05:140][538]PIE: Info Play in editor start time for /Game/Maps/UEDPIE_0_Example_Map -0.689
[2014.10.29-02.57.27:994][964]LogParticles: Destroying 0 GPU particle simulations for FXSystem 0x00000054514674C0
[2014.10.29-02.57.29:446][ 17]LogPlayLevel: PIE:  No blueprints needed recompiling
[2014.10.29-02.57.29:446][ 17]PIE: New page: PIE session: Example_Map (Oct 28, 2014, 6:57:29 PM)
[2014.10.29-02.57.29:481][ 17]LogPlayLevel: PIE: StaticDuplicateObject took: (0.034113s)
[2014.10.29-02.57.29:489][ 17]LogPlayLevel: PIE: World Init took: (0.008075s)
[2014.10.29-02.57.29:489][ 17]LogPlayLevel: PIE: Created PIE world by copying editor world from /Game/Maps/Example_Map.Example_Map to /Game/Maps/UEDPIE_0_Example_Map.Example_Map (0.043004s)
[2014.10.29-02.57.29:521][ 17]LogWorld: Game class is 'MyGame_C'
[2014.10.29-02.57.29:522][ 17]LogAIModule: Creating AISystem for world Example_Map
[2014.10.29-02.57.29:527][ 17]LogWorld: Bringing World /Game/Maps/UEDPIE_0_Example_Map.Example_Map up for play (max tick rate 0) at 2014.10.28-22.57.29
[2014.10.29-02.57.29:528][ 17]LogWorld: Bringing up level for play took: 0.005685
[2014.10.29-02.57.29:529][ 17]PIE: Info Play in editor start time for /Game/Maps/UEDPIE_0_Example_Map -0.301
[2014.10.29-02.59.28:261][667]LogParticles: Destroying 0 GPU particle simulations for FXSystem 0x0000005451466AC0
[2014.10.29-02.59.32:734][804]LogPlayLevel: PIE:  No blueprints needed recompiling
[2014.10.29-02.59.32:735][804]PIE: New page: PIE session: Example_Map (Oct 28, 2014, 6:59:32 PM)
[2014.10.29-02.59.32:782][804]LogPlayLevel: PIE: StaticDuplicateObject took: (0.047805s)
[2014.10.29-02.59.32:784][804]LogPlayLevel: PIE: World Init took: (0.001809s)
[2014.10.29-02.59.32:785][804]LogPlayLevel: PIE: Created PIE world by copying editor world from /Game/Maps/Example_Map.Example_Map to /Game/Maps/UEDPIE_0_Example_Map.Example_Map (0.050008s)
[2014.10.29-02.59.32:817][804]LogWorld: Game class is 'MyGame_C'
[2014.10.29-02.59.32:819][804]LogAIModule: Creating AISystem for world Example_Map
[2014.10.29-02.59.32:828][804]LogWorld: Bringing World /Game/Maps/UEDPIE_0_Example_Map.Example_Map up for play (max tick rate 0) at 2014.10.28-22.59.32
[2014.10.29-02.59.32:829][804]LogWorld: Bringing up level for play took: 0.009923
[2014.10.29-02.59.32:831][804]PIE: Info Play in editor start time for /Game/Maps/UEDPIE_0_Example_Map 1.002
[2014.10.29-03.00.32:696][887]LogActorComponent: UnregisterComponent: (/Engine/Transient.CharacterMovementComponent_3) Not registered. Aborting.
[2014.10.29-03.00.32:696][887]LogActorComponent: UnregisterComponent: (/Engine/Transient.ProjectileMovementComponent_5) Not registered. Aborting.
[2014.10.29-03.01.06:631][787]LogParticles: Destroying 0 GPU particle simulations for FXSystem 0x0000005451464900
[2014.10.29-03.01.09:324][900]LogPlayLevel: PIE:  No blueprints needed recompiling
[2014.10.29-03.01.09:324][900]PIE: New page: PIE session: Example_Map (Oct 28, 2014, 7:01:09 PM)
[2014.10.29-03.01.09:366][900]LogPlayLevel: PIE: StaticDuplicateObject took: (0.042240s)
[2014.10.29-03.01.09:368][900]LogPlayLevel: PIE: World Init took: (0.001847s)
[2014.10.29-03.01.09:369][900]LogPlayLevel: PIE: Created PIE world by copying editor world from /Game/Maps/Example_Map.Example_Map to /Game/Maps/UEDPIE_0_Example_Map.Example_Map (0.044551s)
[2014.10.29-03.01.09:404][900]LogWorld: Game class is 'MyGame_C'
[2014.10.29-03.01.09:406][900]LogAIModule: Creating AISystem for world Example_Map
[2014.10.29-03.01.09:412][900]LogWorld: Bringing World /Game/Maps/UEDPIE_0_Example_Map.Example_Map up for play (max tick rate 0) at 2014.10.28-23.01.09
[2014.10.29-03.01.09:413][900]LogWorld: Bringing up level for play took: 0.007151
[2014.10.29-03.01.09:415][900]PIE: Info Play in editor start time for /Game/Maps/UEDPIE_0_Example_Map -0.415
[2014.10.29-03.01.22:565][447]LogParticles: Destroying 0 GPU particle simulations for FXSystem 0x0000005451464720
[2014.10.29-03.01.35:388][788]LogActorComponent: UnregisterComponent: (/Engine/Transient.CharacterMovementComponent_4) Not registered. Aborting.
[2014.10.29-03.01.35:388][788]LogActorComponent: UnregisterComponent: (/Engine/Transient.ProjectileMovementComponent_6) Not registered. Aborting.
[2014.10.29-03.01.37:125][840]LogActorComponent: UnregisterComponent: (/Engine/Transient.ProjectileMovementComponent_7) Not registered. Aborting.
[2014.10.29-03.01.37:247][840]Cmd: OBJ SAVEPACKAGE PACKAGE="/Game/Blueprints/MyCharacter" FILE="../../../../../../Users/David/Documents/Unreal Projects/Unlit/Content/Blueprints/MyCharacter.uasset" SILENT=true
[2014.10.29-03.01.37:636][840]LogSavePackage: Save=335.678864ms
[2014.10.29-03.01.37:636][840]LogSavePackage: Moving '../../../../../../Users/David/Documents/Unreal Projects/Unlit/Saved/MyCharacter8CAF286D490E54C4B1F2F6BBC56D1E0E.tmp' to '../../../../../../Users/David/Documents/Unreal Projects/Unlit/Content/Blueprints/MyCharacter.uasset'
[2014.10.29-03.01.37:668][840]Cmd: OBJ SAVEPACKAGE PACKAGE="/Game/Blueprints/MyProjectile" FILE="../../../../../../Users/David/Documents/Unreal Projects/Unlit/Content/Blueprints/MyProjectile.uasset" SILENT=true
[2014.10.29-03.01.38:107][840]LogSavePackage: Save=408.194366ms
[2014.10.29-03.01.38:107][840]LogSavePackage: Moving '../../../../../../Users/David/Documents/Unreal Projects/Unlit/Saved/MyProjectileDEFF84F742691A8B998E698B7C221684.tmp' to '../../../../../../Users/David/Documents/Unreal Projects/Unlit/Content/Blueprints/MyProjectile.uasset'
[2014.10.29-03.01.43:854][ 15]BlueprintLog: New page: Pre-PIE auto-recompile
[2014.10.29-03.01.43:855][ 15]LogPlayLevel: [PIE] Compiling MyProjectile before PIE...
[2014.10.29-03.01.43:952][ 15]LogPlayLevel: [PIE] Compiling MyCharacter before PIE...
[2014.10.29-03.01.44:044][ 15]LogActorComponent: UnregisterComponent: (/Engine/Transient.CharacterMovementComponent_5) Not registered. Aborting.
[2014.10.29-03.01.44:044][ 15]LogActorComponent: UnregisterComponent: (/Engine/Transient.ProjectileMovementComponent_8) Not registered. Aborting.
[2014.10.29-03.01.44:063][ 15]LogParticles: Destroying 0 GPU particle simulations for FXSystem 0x0000005447613380
[2014.10.29-03.01.44:066][ 15]LogPlayLevel: PIE:  Blueprint regeneration took 211 ms (2 blueprints)
[2014.10.29-03.01.44:066][ 15]PIE: New page: PIE session: Example_Map (Oct 28, 2014, 7:01:44 PM)
[2014.10.29-03.01.44:095][ 15]LogPlayLevel: PIE: StaticDuplicateObject took: (0.028919s)
[2014.10.29-03.01.44:097][ 15]LogPlayLevel: PIE: World Init took: (0.002106s)
[2014.10.29-03.01.44:098][ 15]LogPlayLevel: PIE: Created PIE world by copying editor world from /Game/Maps/Example_Map.Example_Map to /Game/Maps/UEDPIE_0_Example_Map.Example_Map (0.031595s)
[2014.10.29-03.01.44:129][ 15]LogWorld: Game class is 'MyGame_C'
[2014.10.29-03.01.44:131][ 15]LogAIModule: Creating AISystem for world Example_Map
[2014.10.29-03.01.44:138][ 15]LogWorld: Bringing World /Game/Maps/UEDPIE_0_Example_Map.Example_Map up for play (max tick rate 0) at 2014.10.28-23.01.44
[2014.10.29-03.01.44:138][ 15]LogWorld: Bringing up level for play took: 0.007577
[2014.10.29-03.01.44:140][ 15]PIE: Info Play in editor start time for /Game/Maps/UEDPIE_0_Example_Map 0.311
[2014.10.29-03.01.55:237][576]LogActorComponent: UnregisterComponent: (/Engine/Transient.CharacterMovementComponent_6) Not registered. Aborting.
[2014.10.29-03.01.55:256][576]LogParticles: Destroying 0 GPU particle simulations for FXSystem 0x00000054476116C0
[2014.10.29-03.02.07:471][988]LogActorComponent: UnregisterComponent: (/Engine/Transient.CharacterMovementComponent_7) Not registered. Aborting.
[2014.10.29-03.02.07:471][988]LogActorComponent: UnregisterComponent: (/Engine/Transient.ProjectileMovementComponent_9) Not registered. Aborting.
[2014.10.29-03.02.07:571][988]Cmd: OBJ SAVEPACKAGE PACKAGE="/Game/Blueprints/MyCharacter" FILE="../../../../../../Users/David/Documents/Unreal Projects/Unlit/Content/Blueprints/MyCharacter.uasset" SILENT=true
[2014.10.29-03.02.07:931][988]LogSavePackage: Save=317.889343ms
[2014.10.29-03.02.07:931][988]LogSavePackage: Moving '../../../../../../Users/David/Documents/Unreal Projects/Unlit/Saved/MyCharacterDFB171D14F957B80300F4DBD6827A17D.tmp' to '../../../../../../Users/David/Documents/Unreal Projects/Unlit/Content/Blueprints/MyCharacter.uasset'
[2014.10.29-03.02.09:966][ 63]LogActorComponent: UnregisterComponent: (/Engine/Transient.CharacterMovementComponent_8) Not registered. Aborting.
[2014.10.29-03.02.10:324][ 64]Cmd: QUIT_EDITOR
[2014.10.29-03.02.10:465][ 64]LogWindowsTextInputMethodSystem:Error: Terminating failed while unadvising the language notification sink from the TSF source.
[2014.10.29-03.02.10:466][ 64]LogExit: Preparing to exit.
[2014.10.29-03.02.11:422][ 64]LogExit: Editor shut down
[2014.10.29-03.02.11:423][ 64]LogExit: Transaction tracking system shut down
[2014.10.29-03.02.11:424][ 64]LogParticles: Destroying 0 GPU particle simulations for FXSystem 0x0000005440AD34C0
[2014.10.29-03.02.11:424][ 64]LogParticles: Destroying 0 GPU particle simulations for FXSystem 0x00000054362D4E00
[2014.10.29-03.02.11:424][ 64]LogParticles: Destroying 0 GPU particle simulations for FXSystem 0x00000054362D4D60
[2014.10.29-03.02.11:445][ 64]LogExit: Object subsystem successfully closed.
[2014.10.29-03.02.11:533][ 64]LogModuleManager: Shutting down and abandoning module AndroidDeviceDetection (161)
[2014.10.29-03.02.11:533][ 64]LogModuleManager: Shutting down and abandoning module HTTP (160)
[2014.10.29-03.02.11:533][ 64]LogModuleManager: Shutting down and abandoning module CrashTracker (159)
[2014.10.29-03.02.11:533][ 64]LogModuleManager: Shutting down and abandoning module SuperSearch (158)
[2014.10.29-03.02.11:533][ 64]LogModuleManager: Shutting down and abandoning module SceneOutliner (157)
[2014.10.29-03.02.11:533][ 64]LogModuleManager: Shutting down and abandoning module EditorWidgets (156)
[2014.10.29-03.02.11:533][ 64]LogModuleManager: Shutting down and abandoning module CollectionManager (155)
[2014.10.29-03.02.11:533][ 64]LogModuleManager: Shutting down and abandoning module StatsViewer (154)
[2014.10.29-03.02.11:533][ 64]LogModuleManager: Shutting down and abandoning module FoliageEdit (153)
[2014.10.29-03.02.11:533][ 64]LogModuleManager: Shutting down and abandoning module LandscapeEditor (152)
[2014.10.29-03.02.11:533][ 64]LogModuleManager: Shutting down and abandoning module MeshPaint (151)
[2014.10.29-03.02.11:533][ 64]LogModuleManager: Shutting down and abandoning module ActorPickerMode (150)
[2014.10.29-03.02.11:533][ 64]LogModuleManager: Shutting down and abandoning module GeometryMode (149)
[2014.10.29-03.02.11:533][ 64]LogModuleManager: Shutting down and abandoning module TextureAlignMode (148)
[2014.10.29-03.02.11:533][ 64]LogModuleManager: Shutting down and abandoning module BspMode (147)
[2014.10.29-03.02.11:533][ 64]LogModuleManager: Shutting down and abandoning module PlacementMode (146)
[2014.10.29-03.02.11:533][ 64]LogModuleManager: Shutting down and abandoning module DesktopPlatform (145)
[2014.10.29-03.02.11:533][ 64]LogModuleManager: Shutting down and abandoning module AutomationWorker (144)
[2014.10.29-03.02.11:533][ 64]LogModuleManager: Shutting down and abandoning module EditorLiveStreaming (143)
[2014.10.29-03.02.11:533][ 64]LogModuleManager: Shutting down and abandoning module BehaviorTreeEditor (142)
[2014.10.29-03.02.11:533][ 64]LogModuleManager: Shutting down and abandoning module DeviceProfileEditor (141)
[2014.10.29-03.02.11:533][ 64]LogModuleManager: Shutting down and abandoning module UndoHistory (140)
[2014.10.29-03.02.11:533][ 64]LogModuleManager: Shutting down and abandoning module GameplayTagsEditor (139)
[2014.10.29-03.02.11:533][ 64]LogModuleManager: Shutting down and abandoning module UserFeedback (138)
[2014.10.29-03.02.11:533][ 64]LogModuleManager: Shutting down and abandoning module XmlParser (137)
[2014.10.29-03.02.11:533][ 64]LogModuleManager: Shutting down and abandoning module Blutility (136)
[2014.10.29-03.02.11:533][ 64]LogModuleManager: Shutting down and abandoning module IOSPlatformEditor (135)
[2014.10.29-03.02.11:533][ 64]LogModuleManager: Shutting down and abandoning module IOSRuntimeSettings (134)
[2014.10.29-03.02.11:533][ 64]LogModuleManager: Shutting down and abandoning module AndroidPlatformEditor (133)
[2014.10.29-03.02.11:533][ 64]LogModuleManager: Shutting down and abandoning module AndroidRuntimeSettings (132)
[2014.10.29-03.02.11:533][ 64]LogModuleManager: Shutting down and abandoning module ProjectTargetPlatformEditor (131)
[2014.10.29-03.02.11:533][ 64]LogModuleManager: Shutting down and abandoning module ProjectSettingsViewer (130)
[2014.10.29-03.02.11:534][ 64]LogModuleManager: Shutting down and abandoning module InputBindingEditor (129)
[2014.10.29-03.02.11:534][ 64]LogModuleManager: Shutting down and abandoning module EditorSettingsViewer (128)
[2014.10.29-03.02.11:534][ 64]LogModuleManager: Shutting down and abandoning module SettingsEditor (127)
[2014.10.29-03.02.11:534][ 64]LogModuleManager: Shutting down and abandoning module SessionLauncher (126)
[2014.10.29-03.02.11:534][ 64]LogModuleManager: Shutting down and abandoning module SessionFrontend (125)
[2014.10.29-03.02.11:534][ 64]LogModuleManager: Shutting down and abandoning module ProfilerClient (124)
[2014.10.29-03.02.11:534][ 64]LogModuleManager: Shutting down and abandoning module TargetDeviceServices (123)
[2014.10.29-03.02.11:534][ 64]LogModuleManager: Shutting down and abandoning module DeviceManager (122)
[2014.10.29-03.02.11:534][ 64]LogModuleManager: Shutting down and abandoning module AutomationController (121)
[2014.10.29-03.02.11:534][ 64]LogModuleManager: Shutting down and abandoning module AutomationWindow (120)
[2014.10.29-03.02.11:534][ 64]LogModuleManager: Shutting down and abandoning module Layers (119)
[2014.10.29-03.02.11:534][ 64]LogModuleManager: Shutting down and abandoning module ComponentVisualizers (118)
[2014.10.29-03.02.11:534][ 64]LogModuleManager: Shutting down and abandoning module DetailCustomizations (117)
[2014.10.29-03.02.11:534][ 64]LogModuleManager: Shutting down and abandoning module PackagesDialog (116)
[2014.10.29-03.02.11:534][ 64]LogModuleManager: Shutting down and abandoning module DirectoryWatcher (115)
[2014.10.29-03.02.11:534][ 64]LogModuleManager: Shutting down and abandoning module AssetRegistry (114)
[2014.10.29-03.02.11:588][ 64]LogModuleManager: Shutting down and abandoning module Persona (113)
[2014.10.29-03.02.11:588][ 64]LogModuleManager: Shutting down and abandoning module GraphEditor (112)
[2014.10.29-03.02.11:588][ 64]LogModuleManager: Shutting down and abandoning module ClassViewer (111)
[2014.10.29-03.02.11:588][ 64]LogModuleManager: Shutting down and abandoning module Toolbox (110)
[2014.10.29-03.02.11:588][ 64]LogModuleManager: Shutting down and abandoning module ModuleUI (109)
[2014.10.29-03.02.11:588][ 64]LogModuleManager: Shutting down and abandoning module Sequencer (108)
[2014.10.29-03.02.11:588][ 64]LogModuleManager: Shutting down and abandoning module MovieSceneTools (107)
[2014.10.29-03.02.11:588][ 64]LogModuleManager: Shutting down and abandoning module OutputLog (106)
[2014.10.29-03.02.11:588][ 64]LogModuleManager: Shutting down and abandoning module GammaUI (105)
[2014.10.29-03.02.11:588][ 64]LogModuleManager: Shutting down and abandoning module Documentation (104)
[2014.10.29-03.02.11:588][ 64]LogModuleManager: Shutting down and abandoning module GameLiveStreaming (103)
[2014.10.29-03.02.11:588][ 64]LogModuleManager: Shutting down and abandoning module StreamingPauseRendering (102)
[2014.10.29-03.02.11:588][ 64]LogModuleManager: Shutting down and abandoning module AnalyticsET (101)
[2014.10.29-03.02.11:588][ 64]LogModuleManager: Shutting down and abandoning module Analytics (100)
[2014.10.29-03.02.11:588][ 64]LogModuleManager: Shutting down and abandoning module GameplayDebugger (99)
[2014.10.29-03.02.11:588][ 64]LogModuleManager: Shutting down and abandoning module AIModule (98)
[2014.10.29-03.02.11:588][ 64]LogModuleManager: Shutting down and abandoning module ProfilerService (97)
[2014.10.29-03.02.11:767][ 64]LogModuleManager: Shutting down and abandoning module TaskGraph (96)
[2014.10.29-03.02.11:767][ 64]LogModuleManager: Shutting down and abandoning module SlateRemote (95)
[2014.10.29-03.02.11:767][ 64]LogModuleManager: Shutting down and abandoning module ScriptEditorPlugin (94)
[2014.10.29-03.02.11:767][ 64]LogModuleManager: Shutting down and abandoning module CustomMeshComponent (93)
[2014.10.29-03.02.11:767][ 64]LogModuleManager: Shutting down and abandoning module CableComponent (92)
[2014.10.29-03.02.11:767][ 64]LogModuleManager: Shutting down and abandoning module MessagingDebugger (91)
[2014.10.29-03.02.11:767][ 64]LogModuleManager: Shutting down and abandoning module ViewportSnapping (90)
[2014.10.29-03.02.11:767][ 64]LogModuleManager: Shutting down and abandoning module SmartSnapping (89)
[2014.10.29-03.02.11:767][ 64]LogModuleManager: Shutting down and abandoning module PaperTiledImporter (88)
[2014.10.29-03.02.11:767][ 64]LogModuleManager: Shutting down and abandoning module PaperJsonImporter (87)
[2014.10.29-03.02.11:767][ 64]LogModuleManager: Shutting down and abandoning module GameProjectGeneration (86)
[2014.10.29-03.02.11:767][ 64]LogModuleManager: Shutting down and abandoning module Matinee (85)
[2014.10.29-03.02.11:767][ 64]LogModuleManager: Shutting down and abandoning module Kismet (84)
[2014.10.29-03.02.11:767][ 64]LogModuleManager: Shutting down and abandoning module SlateReflector (83)
[2014.10.29-03.02.11:767][ 64]LogModuleManager: Shutting down and abandoning module LevelEditor (82)
[2014.10.29-03.02.11:768][ 64]LogModuleManager: Shutting down and abandoning module IntroTutorials (81)
[2014.10.29-03.02.11:768][ 64]LogModuleManager: Shutting down and abandoning module ContentBrowser (80)
[2014.10.29-03.02.11:768][ 64]LogModuleManager: Shutting down and abandoning module PropertyEditor (79)
[2014.10.29-03.02.11:768][ 64]LogModuleManager: Shutting down and abandoning module AssetTools (78)
[2014.10.29-03.02.11:768][ 64]LogModuleManager: Shutting down and abandoning module Paper2DEditor (77)
[2014.10.29-03.02.11:768][ 64]LogModuleManager: Shutting down and abandoning module SpeedTreeImporter (76)
[2014.10.29-03.02.11:769][ 64]LogModuleManager: Shutting down and abandoning module PluginsEditor (75)
[2014.10.29-03.02.11:769][ 64]LogModuleManager: Shutting down and abandoning module MainFrame (74)
[2014.10.29-03.02.11:769][ 64]LogModuleManager: Shutting down and abandoning module EpicSurvey (73)
[2014.10.29-03.02.11:769][ 64]LogModuleManager: Shutting down and abandoning module VisualStudioSourceCodeAccess (72)
[2014.10.29-03.02.11:769][ 64]LogModuleManager: Shutting down and abandoning module UObjectPlugin (71)
[2014.10.29-03.02.11:769][ 64]LogModuleManager: Shutting down and abandoning module SubversionSourceControl (70)
[2014.10.29-03.02.11:769][ 64]LogModuleManager: Shutting down and abandoning module SourceControl (69)
[2014.10.29-03.02.11:769][ 64]LogModuleManager: Shutting down and abandoning module PerforceSourceControl (68)
[2014.10.29-03.02.11:769][ 64]LogModuleManager: Shutting down and abandoning module BlankPlugin (67)
[2014.10.29-03.02.11:769][ 64]LogModuleManager: Shutting down and abandoning module ScriptPlugin (66)
[2014.10.29-03.02.11:769][ 64]LogModuleManager: Shutting down and abandoning module UdpMessaging (65)
[2014.10.29-03.02.11:870][ 64]LogModuleManager: Shutting down and abandoning module Paper2D (64)
[2014.10.29-03.02.11:870][ 64]LogModuleManager: Shutting down and abandoning module WindowsMoviePlayer (63)
[2014.10.29-03.02.11:873][ 64]LogModuleManager: Shutting down and abandoning module ImageWrapper (62)
[2014.10.29-03.02.11:873][ 64]LogModuleManager: Shutting down and abandoning module OnlineBlueprintSupport (61)
[2014.10.29-03.02.11:873][ 64]LogModuleManager: Shutting down and abandoning module FunctionalTesting (60)
[2014.10.29-03.02.11:873][ 64]LogModuleManager: Shutting down and abandoning module CollisionAnalyzer (59)
[2014.10.29-03.02.11:873][ 64]LogModuleManager: Shutting down and abandoning module WorkspaceMenuStructure (58)
[2014.10.29-03.02.11:873][ 64]LogModuleManager: Shutting down and abandoning module MessageLog (57)
[2014.10.29-03.02.11:873][ 64]LogModuleManager: Shutting down and abandoning module UMGEditor (56)
[2014.10.29-03.02.11:873][ 64]LogModuleManager: Shutting down and abandoning module UMG (55)
[2014.10.29-03.02.11:873][ 64]LogModuleManager: Shutting down and abandoning module Slate (54)
[2014.10.29-03.02.11:873][ 64]LogModuleManager: Shutting down and abandoning module EditorStyle (53)
[2014.10.29-03.02.11:875][ 64]LogModuleManager: Shutting down and abandoning module SessionServices (52)
[2014.10.29-03.02.11:875][ 64]LogModuleManager: Shutting down and abandoning module SourceCodeAccess (51)
[2014.10.29-03.02.11:875][ 64]LogModuleManager: Shutting down and abandoning module HeadMountedDisplay (50)
[2014.10.29-03.02.11:875][ 64]LogModuleManager: Shutting down and abandoning module XAudio2 (49)
[2014.10.29-03.02.11:875][ 64]LogModuleManager: Shutting down and abandoning module Networking (47)
[2014.10.29-03.02.11:875][ 64]LogModuleManager: Shutting down and abandoning module Core (46)
[2014.10.29-03.02.11:875][ 64]LogModuleManager: Shutting down and abandoning module KismetCompiler (45)
[2014.10.29-03.02.11:875][ 64]LogModuleManager: Shutting down and abandoning module PhysXFormats (44)
[2014.10.29-03.02.11:875][ 64]LogModuleManager: Shutting down and abandoning module MeshUtilities (43)
[2014.10.29-03.02.11:875][ 64]LogModuleManager: Shutting down and abandoning module DerivedDataCache (42)
[2014.10.29-03.02.11:953][ 64]LogDerivedDataCache: Shutdown
[2014.10.29-03.02.11:953][ 64]LogModuleManager: Shutting down and abandoning module ShaderFormatOpenGL (41)
[2014.10.29-03.02.11:953][ 64]LogModuleManager: Shutting down and abandoning module ShaderFormatD3D (40)
[2014.10.29-03.02.11:953][ 64]LogModuleManager: Shutting down and abandoning module MetalShaderFormat (39)
[2014.10.29-03.02.11:953][ 64]LogModuleManager: Shutting down and abandoning module TextureFormatUncompressed (38)
[2014.10.29-03.02.11:953][ 64]LogModuleManager: Shutting down and abandoning module TextureFormatPVR (37)
[2014.10.29-03.02.11:953][ 64]LogModuleManager: Shutting down and abandoning module TextureFormatDXT (36)
[2014.10.29-03.02.11:953][ 64]LogModuleManager: Shutting down and abandoning module TextureFormatAndroid (35)
[2014.10.29-03.02.11:953][ 64]LogModuleManager: Shutting down and abandoning module AudioFormatOpus (34)
[2014.10.29-03.02.11:953][ 64]LogModuleManager: Shutting down and abandoning module AudioFormatOgg (33)
[2014.10.29-03.02.11:953][ 64]LogModuleManager: Shutting down and abandoning module AudioFormatADPCM (32)
[2014.10.29-03.02.11:953][ 64]LogModuleManager: Shutting down and abandoning module Messaging (31)
[2014.10.29-03.02.11:953][ 64]LogModuleManager: Shutting down and abandoning module IOSTargetPlatform (30)
[2014.10.29-03.02.11:953][ 64]LogModuleManager: Shutting down and abandoning module Android_PVRTCTargetPlatform (29)
[2014.10.29-03.02.11:953][ 64]LogModuleManager: Shutting down and abandoning module Android_ETC2TargetPlatform (28)
[2014.10.29-03.02.11:953][ 64]LogModuleManager: Shutting down and abandoning module Android_ETC1TargetPlatform (27)
[2014.10.29-03.02.11:953][ 64]LogModuleManager: Shutting down and abandoning module Android_DXTTargetPlatform (26)
[2014.10.29-03.02.11:953][ 64]LogModuleManager: Shutting down and abandoning module Android_ATCTargetPlatform (25)
[2014.10.29-03.02.11:953][ 64]LogModuleManager: Shutting down and abandoning module AndroidTargetPlatform (24)
[2014.10.29-03.02.11:953][ 64]LogModuleManager: Shutting down and abandoning module WindowsTargetPlatform (23)
[2014.10.29-03.02.11:953][ 64]LogModuleManager: Shutting down and abandoning module WindowsServerTargetPlatform (22)
[2014.10.29-03.02.11:953][ 64]LogModuleManager: Shutting down and abandoning module WindowsNoEditorTargetPlatform (21)
[2014.10.29-03.02.11:953][ 64]LogModuleManager: Shutting down and abandoning module WindowsClientTargetPlatform (20)
[2014.10.29-03.02.11:953][ 64]LogModuleManager: Shutting down and abandoning module TargetPlatform (19)
[2014.10.29-03.02.11:953][ 64]LogModuleManager: Shutting down and abandoning module InputCore (18)
[2014.10.29-03.02.11:953][ 64]LogModuleManager: Shutting down and abandoning module Settings (17)
[2014.10.29-03.02.11:953][ 64]LogModuleManager: Shutting down and abandoning module ExampleDeviceProfileSelector (14)
[2014.10.29-03.02.11:953][ 64]LogModuleManager: Shutting down and abandoning module OculusRift (13)
[2014.10.29-03.02.11:953][ 64]LogModuleManager: Shutting down and abandoning module TextureCompressor (12)
[2014.10.29-03.02.11:953][ 64]LogModuleManager: Shutting down and abandoning module ShaderCore (11)
[2014.10.29-03.02.11:953][ 64]LogModuleManager: Shutting down and abandoning module OpenGLDrv (10)
[2014.10.29-03.02.11:953][ 64]LogModuleManager: Shutting down and abandoning module D3D11RHI (9)
[2014.10.29-03.02.11:953][ 64]LogModuleManager: Shutting down and abandoning module SlateRHIRenderer (8)
[2014.10.29-03.02.11:953][ 64]LogModuleManager: Shutting down and abandoning module Renderer (7)
[2014.10.29-03.02.11:953][ 64]LogModuleManager: Shutting down and abandoning module Engine (6)
[2014.10.29-03.02.11:953][ 64]LogModuleManager: Shutting down and abandoning module CoreUObject (5)
[2014.10.29-03.02.11:953][ 64]LogModuleManager: Shutting down and abandoning module NetworkFile (4)
[2014.10.29-03.02.11:953][ 64]LogModuleManager: Shutting down and abandoning module StreamingFile (3)
[2014.10.29-03.02.11:953][ 64]LogModuleManager: Shutting down and abandoning module SandboxFile (2)
[2014.10.29-03.02.11:954][ 64]LogModuleManager: Shutting down and abandoning module PakFile (1)
[2014.10.29-03.02.11:954][ 64]LogExit: Exiting.
[2014.10.29-03.02.11:958][ 64]Log file closed, 10/28/14 23:02:11
