Log file open, 10/28/14 18:33:41
LogInit:Display: Running engine for game: Unlit
LogInit: Version: 4.4.3-2296771+++depot+UE4-Releases+4.4
LogInit: API Version: 2255576
LogInit: Compiled (64-bit): Sep 13 2014 22:30:58
LogInit: Build Configuration: Development
LogInit: Branch Name: ++depot+UE4-Releases+4.4
LogInit: Command line:  
LogInit: Base directory: C:/Program Files/Unreal Engine/4.4/Engine/Binaries/Win64/
LogInit: Rocket: 1
[2014.10.28-22.33.41:779][  0]LogTaskGraph: Started task graph with 3 named threads and 4 total threads.
[2014.10.28-22.33.41:815][  0]LogOnline:Warning: No default platform service specified for OnlineSubsystem
[2014.10.28-22.33.41:830][  0]LogInit: Presizing for 0 objects not considered by GC, pre-allocating 0 bytes.
[2014.10.28-22.33.41:836][  0]LogInit: Object subsystem initialized
[2014.10.28-22.33.41:838][  0]LogInit: Selected Device Profile: [Windows]
[2014.10.28-22.33.41:838][  0]LogInit: Applying CVar settings loaded from the selected device profile: [Windows]
[2014.10.28-22.33.41:848][  0]LogInit: Computer: DAVID
[2014.10.28-22.33.41:848][  0]LogInit: User: David
[2014.10.28-22.33.41:849][  0]LogInit: CPU Page size=4096, Cores=2
[2014.10.28-22.33.41:849][  0]LogInit: High frequency timer resolution =2.338342 MHz
[2014.10.28-22.33.41:849][  0]LogMemory: Memory total: Physical=7.9GB (8GB approx) Virtual=131072.0GB
[2014.10.28-22.33.41:850][  0]LogMemory: Platform Memory Stats for Windows
[2014.10.28-22.33.41:850][  0]LogMemory: Process Physical Memory: 60.11 MB used, 60.11 MB peak
[2014.10.28-22.33.41:850][  0]LogMemory: Process Virtual Memory: 36.15 MB used, 36.15 MB peak
[2014.10.28-22.33.41:850][  0]LogMemory: Physical Memory: 2737.47 MB used, 8075.16 MB total
[2014.10.28-22.33.41:850][  0]LogMemory: Virtual Memory: 268.94 MB used, 134217728.00 MB total
[2014.10.28-22.33.41:882][  0]LogD3D11RHI: Found D3D11 adapter 0: Intel(R) HD Graphics Family (Feature Level 11_0)
[2014.10.28-22.33.41:882][  0]LogD3D11RHI: Adapter has 32MB of dedicated video memory, 0MB of dedicated system memory, and 1760MB of shared system memory, 1 output[s]
[2014.10.28-22.33.41:884][  0]LogD3D11RHI: Found D3D11 adapter 1: Microsoft Basic Render Driver (Feature Level 11_0)
[2014.10.28-22.33.41:884][  0]LogD3D11RHI: Adapter has 0MB of dedicated video memory, 0MB of dedicated system memory, and 256MB of shared system memory, 0 output[s]
[2014.10.28-22.33.41:884][  0]LogD3D11RHI: Chosen D3D11 Adapter Id = 0
[2014.10.28-22.33.41:889][  0]LogRHI: Texture pool is 638 MB (70% of 912 MB)
[2014.10.28-22.33.41:904][  0]LogD3D11RHI: Async texture creation enabled
[2014.10.28-22.33.42:021][  0]LogContentStreaming: Texture pool size is 0.000000MB
[2014.10.28-22.33.43:729][  0]LogTargetPlatformManager:Display: Building Assets For Windows
[2014.10.28-22.33.44:296][  0]LogTargetPlatformManager:Display: Building Assets For Windows
[2014.10.28-22.33.44:360][  0]LogDerivedDataCache:Display: Max Cache Size: 512 MB
[2014.10.28-22.33.44:408][  0]LogDerivedDataCache: Loaded boot cache 0.05s 39MB C:/Users/David/AppData/Local/UnrealEngine/4.4/DerivedDataCache/Boot.ddc.
[2014.10.28-22.33.44:408][  0]LogDerivedDataCache:Display: Loaded Boot cache: C:/Users/David/AppData/Local/UnrealEngine/4.4/DerivedDataCache/Boot.ddc
[2014.10.28-22.33.44:408][  0]LogDerivedDataCache: FDerivedDataBackendGraph:  Pak pak cache file ../../../../../../Users/David/Documents/Unreal Projects/Unlit/DerivedDataCache/DDC.ddp not found, will not use a pak cache.
[2014.10.28-22.33.44:408][  0]LogDerivedDataCache: Unable to find inner node Pak for hierarchical cache Hierarchy.
[2014.10.28-22.33.44:427][  0]LogDerivedDataCache:Display: Pak cache opened for reading ../../../Engine/DerivedDataCache/DDC.ddp.
[2014.10.28-22.33.44:440][  0]LogDerivedDataCache: Using Local data cache path C:/Users/David/AppData/Local/UnrealEngine/4.4/DerivedDataCache: Writable
[2014.10.28-22.33.44:716][  0]LogMeshUtilities: No automatic mesh reduction module available
[2014.10.28-22.33.44:716][  0]LogMeshUtilities: No automatic mesh merging module available
[2014.10.28-22.33.45:310][  0]LogInit: WinSock: version 1.1 (2.2), MaxSocks=32767, MaxUdp=65467
[2014.10.28-22.33.46:394][  0]LogStats:Warning: MetaData mismatch. Did you assign a stat to two groups? New //STATGROUP_Threads//FMonitoredProcess///Thread_2dd0_0///////STATCAT_Advanced//// old //STATGROUP_Threads//FMonitoredProcess///Thread_2820_0///////STATCAT_Advanced////
[2014.10.28-22.33.46:394][  0]UdpMessaging: Initializing bridge on interface 0.0.0.0:0 to multicast group 230.0.0.1:6666.
[2014.10.28-22.33.46:556][  0]SourceControl: Info Source control is disabled
[2014.10.28-22.33.46:556][  0]SourceControl: Info Source control is disabled
[2014.10.28-22.33.46:568][  0]SourceControl: Info Source control is disabled
[2014.10.28-22.33.46:837][  0]BlueprintLog: New page: Editor Load
[2014.10.28-22.33.47:007][  0]LogObj: 21438 objects as part of root set at end of initial load.
[2014.10.28-22.33.47:007][  0]LogUObjectAllocator: 4218656 out of 0 bytes used by permanent object pool.
[2014.10.28-22.33.47:194][  0]LogEngine: Initializing Engine...
[2014.10.28-22.33.47:324][  0]LogInit: XAudio2 using 'LONTIUM (Intel(R) Display Audio)' : 2 channels at 48 kHz using 16 bits per sample (channel mask 0x3)
[2014.10.28-22.33.47:339][  0]LogInit: FAudioDevice initialized.
[2014.10.28-22.33.47:369][  0]LogAIModule: Creating AISystem for world NewWorld
[2014.10.28-22.33.47:392][  0]LogDerivedDataCache: Saved boot cache 0.02s 39MB C:/Users/David/AppData/Local/UnrealEngine/4.4/DerivedDataCache/Boot.ddc.
[2014.10.28-22.33.47:398][  0]LogInit: Texture streaming: Enabled
[2014.10.28-22.33.47:452][  0]LogInit: Transaction tracking system initialized
[2014.10.28-22.33.47:640][  0]LogAssetRegistry: FAssetRegistry took 0.0110 seconds to start up
[2014.10.28-22.33.48:377][  0]LogTargetPlatformManager:Display: Building Assets For Windows
[2014.10.28-22.33.48:787][  0]LogTargetPlatformManager:Display: Building Assets For Windows
[2014.10.28-22.33.49:001][  0]LogConsoleResponse:Display: 
[2014.10.28-22.33.49:277][  0]LogStats:Warning: MetaData mismatch. Did you assign a stat to two groups? New //STATGROUP_Threads//FMonitoredProcess///Thread_2ffc_0///////STATCAT_Advanced//// old //STATGROUP_Threads//FMonitoredProcess///Thread_2820_0///////STATCAT_Advanced////
[2014.10.28-22.33.49:277][  0]LogStats:Warning: MetaData mismatch. Did you assign a stat to two groups? New //STATGROUP_Threads//FMonitoredProcess///Thread_1c08_0///////STATCAT_Advanced//// old //STATGROUP_Threads//FMonitoredProcess///Thread_2820_0///////STATCAT_Advanced////
[2014.10.28-22.33.49:277][  0]SourceControl: Info Source control is disabled
[2014.10.28-22.33.49:278][  0]Cmd: MAP LOAD FILE="../../../../../../Users/David/Documents/Unreal Projects/Unlit/Content/Maps/Example_Map.umap" TEMPLATE=0 SHOWPROGRESS=1
[2014.10.28-22.33.49:278][  0]LightingResults: New page: Lighting Build
[2014.10.28-22.33.49:292][  0]MapCheck: New page: Map Check
[2014.10.28-22.33.49:292][  0]LightingResults: New page: Lighting Build
[2014.10.28-22.33.49:306][  0]LogParticles: Destroying 0 GPU particle simulations for FXSystem 0x0000001E55B0D300
[2014.10.28-22.33.49:414][  0]LogEditorServer: Finished looking for orphan Actors (0.000 secs)
[2014.10.28-22.33.49:415][  0]LogAIModule: Creating AISystem for world Example_Map
[2014.10.28-22.33.49:415][  0]Cmd: MAP CHECKDEP
[2014.10.28-22.33.49:415][  0]MapCheck: New page: Example_Map - Oct 28, 2014, 2:33:49 PM
[2014.10.28-22.33.49:590][  0]MapCheck: Info ========== Map Check: 0 Error(s), 0 Warning(s), [174.381ms] ==========
[2014.10.28-22.33.49:590][  0]LogFileHelpers: Loading map 'Example_Map' took 0.312
[2014.10.28-22.33.49:754][  0]LogCollectionManager: Loaded 0 collections in 0.001276 seconds
[2014.10.28-22.33.49:867][  0]LogCrashTracker: Crashtracker disabled due to settings.
[2014.10.28-22.33.49:934][  0]LogLoad: Full Startup: 10.40 seconds (BP compile: 0.03 seconds)
[2014.10.28-22.33.49:960][  0]LogContentBrowser:Verbose: The content browser source was changed by the sources view to '/Game/Blueprints'
[2014.10.28-22.33.50:163][  0]LogRenderer:Warning: Reallocating scene render targets to support 32x32.
[2014.10.28-22.33.50:383][  0]LogRenderer:Warning: Reallocating scene render targets to support 656x688.
[2014.10.28-22.33.50:746][  2]LogAssetRegistry: Asset discovery search completed in 3.1180 seconds
[2014.10.28-22.33.58:332][385]LogPlayLevel: PIE:  No blueprints needed recompiling
[2014.10.28-22.33.58:332][385]PIE: New page: PIE session: Example_Map (Oct 28, 2014, 2:33:58 PM)
[2014.10.28-22.33.58:372][385]LogPlayLevel: PIE: StaticDuplicateObject took: (0.039789s)
[2014.10.28-22.33.58:374][385]LogPlayLevel: PIE: World Init took: (0.001548s)
[2014.10.28-22.33.58:374][385]LogPlayLevel: PIE: Created PIE world by copying editor world from /Game/Maps/Example_Map.Example_Map to /Game/Maps/UEDPIE_0_Example_Map.Example_Map (0.041760s)
[2014.10.28-22.33.58:691][385]BlueprintLog:Warning: Warning Blueprint MyHUD has been migrated and requires re-saving to avoid import errors
[2014.10.28-22.33.58:691][385]BlueprintLog:Warning: Warning Blueprint MyGame has been migrated and requires re-saving to avoid import errors
[2014.10.28-22.33.58:693][385]LogWorld: Game class is 'MyGame_C'
[2014.10.28-22.33.58:694][385]LogAIModule: Creating AISystem for world Example_Map
[2014.10.28-22.33.58:700][385]LogWorld: Bringing World /Game/Maps/UEDPIE_0_Example_Map.Example_Map up for play (max tick rate 60) at 2014.10.28-18.33.58
[2014.10.28-22.33.58:701][385]LogWorld: Bringing up level for play took: 0.006765
[2014.10.28-22.33.58:703][385]PIE: Info Play in editor start time for /Game/Maps/UEDPIE_0_Example_Map 0.699
[2014.10.28-22.35.00:210][ 58]LogActorComponent: UnregisterComponent: (/Engine/Transient.CharacterMovementComponent_0) Not registered. Aborting.
[2014.10.28-22.35.00:210][ 58]LogActorComponent: UnregisterComponent: (/Engine/Transient.ProjectileMovementComponent_0) Not registered. Aborting.
[2014.10.28-22.37.24:430][632]LogParticles: Destroying 0 GPU particle simulations for FXSystem 0x0000001E6A034860
[2014.10.28-22.37.24:492][633]LogRenderer:Warning: Reallocating scene render targets to support 864x688.
[2014.10.28-22.37.24:606][633]LogEditorViewport: Clicking on Actor (LMB): Starting_Platform_C (Starting_Platform_8)
[2014.10.28-22.44.13:838][127]Cmd: QUIT_EDITOR
[2014.10.28-22.44.13:968][127]LogWindowsTextInputMethodSystem:Error: Terminating failed while unadvising the language notification sink from the TSF source.
[2014.10.28-22.44.13:969][127]LogExit: Preparing to exit.
[2014.10.28-22.44.14:932][127]LogExit: Editor shut down
[2014.10.28-22.44.14:932][127]LogExit: Transaction tracking system shut down
[2014.10.28-22.44.14:933][127]LogParticles: Destroying 0 GPU particle simulations for FXSystem 0x0000001E5498F4C0
[2014.10.28-22.44.14:933][127]LogParticles: Destroying 0 GPU particle simulations for FXSystem 0x0000001E51DD1260
[2014.10.28-22.44.14:933][127]LogParticles: Destroying 0 GPU particle simulations for FXSystem 0x0000001E51DD11C0
[2014.10.28-22.44.14:956][127]LogExit: Object subsystem successfully closed.
[2014.10.28-22.44.15:042][127]LogModuleManager: Shutting down and abandoning module AndroidDeviceDetection (161)
[2014.10.28-22.44.15:042][127]LogModuleManager: Shutting down and abandoning module HTTP (160)
[2014.10.28-22.44.15:042][127]LogModuleManager: Shutting down and abandoning module CrashTracker (159)
[2014.10.28-22.44.15:042][127]LogModuleManager: Shutting down and abandoning module SuperSearch (158)
[2014.10.28-22.44.15:042][127]LogModuleManager: Shutting down and abandoning module SceneOutliner (157)
[2014.10.28-22.44.15:042][127]LogModuleManager: Shutting down and abandoning module EditorWidgets (156)
[2014.10.28-22.44.15:042][127]LogModuleManager: Shutting down and abandoning module CollectionManager (155)
[2014.10.28-22.44.15:042][127]LogModuleManager: Shutting down and abandoning module StatsViewer (154)
[2014.10.28-22.44.15:042][127]LogModuleManager: Shutting down and abandoning module FoliageEdit (153)
[2014.10.28-22.44.15:042][127]LogModuleManager: Shutting down and abandoning module LandscapeEditor (152)
[2014.10.28-22.44.15:042][127]LogModuleManager: Shutting down and abandoning module MeshPaint (151)
[2014.10.28-22.44.15:042][127]LogModuleManager: Shutting down and abandoning module ActorPickerMode (150)
[2014.10.28-22.44.15:042][127]LogModuleManager: Shutting down and abandoning module GeometryMode (149)
[2014.10.28-22.44.15:042][127]LogModuleManager: Shutting down and abandoning module TextureAlignMode (148)
[2014.10.28-22.44.15:042][127]LogModuleManager: Shutting down and abandoning module BspMode (147)
[2014.10.28-22.44.15:042][127]LogModuleManager: Shutting down and abandoning module PlacementMode (146)
[2014.10.28-22.44.15:042][127]LogModuleManager: Shutting down and abandoning module DesktopPlatform (145)
[2014.10.28-22.44.15:042][127]LogModuleManager: Shutting down and abandoning module AutomationWorker (144)
[2014.10.28-22.44.15:042][127]LogModuleManager: Shutting down and abandoning module EditorLiveStreaming (143)
[2014.10.28-22.44.15:042][127]LogModuleManager: Shutting down and abandoning module BehaviorTreeEditor (142)
[2014.10.28-22.44.15:042][127]LogModuleManager: Shutting down and abandoning module DeviceProfileEditor (141)
[2014.10.28-22.44.15:042][127]LogModuleManager: Shutting down and abandoning module UndoHistory (140)
[2014.10.28-22.44.15:042][127]LogModuleManager: Shutting down and abandoning module GameplayTagsEditor (139)
[2014.10.28-22.44.15:042][127]LogModuleManager: Shutting down and abandoning module UserFeedback (138)
[2014.10.28-22.44.15:042][127]LogModuleManager: Shutting down and abandoning module XmlParser (137)
[2014.10.28-22.44.15:042][127]LogModuleManager: Shutting down and abandoning module Blutility (136)
[2014.10.28-22.44.15:042][127]LogModuleManager: Shutting down and abandoning module IOSPlatformEditor (135)
[2014.10.28-22.44.15:042][127]LogModuleManager: Shutting down and abandoning module IOSRuntimeSettings (134)
[2014.10.28-22.44.15:042][127]LogModuleManager: Shutting down and abandoning module AndroidPlatformEditor (133)
[2014.10.28-22.44.15:042][127]LogModuleManager: Shutting down and abandoning module AndroidRuntimeSettings (132)
[2014.10.28-22.44.15:042][127]LogModuleManager: Shutting down and abandoning module ProjectTargetPlatformEditor (131)
[2014.10.28-22.44.15:042][127]LogModuleManager: Shutting down and abandoning module ProjectSettingsViewer (130)
[2014.10.28-22.44.15:043][127]LogModuleManager: Shutting down and abandoning module InputBindingEditor (129)
[2014.10.28-22.44.15:043][127]LogModuleManager: Shutting down and abandoning module EditorSettingsViewer (128)
[2014.10.28-22.44.15:043][127]LogModuleManager: Shutting down and abandoning module SettingsEditor (127)
[2014.10.28-22.44.15:043][127]LogModuleManager: Shutting down and abandoning module SessionLauncher (126)
[2014.10.28-22.44.15:043][127]LogModuleManager: Shutting down and abandoning module SessionFrontend (125)
[2014.10.28-22.44.15:043][127]LogModuleManager: Shutting down and abandoning module ProfilerClient (124)
[2014.10.28-22.44.15:043][127]LogModuleManager: Shutting down and abandoning module TargetDeviceServices (123)
[2014.10.28-22.44.15:043][127]LogModuleManager: Shutting down and abandoning module DeviceManager (122)
[2014.10.28-22.44.15:043][127]LogModuleManager: Shutting down and abandoning module AutomationController (121)
[2014.10.28-22.44.15:043][127]LogModuleManager: Shutting down and abandoning module AutomationWindow (120)
[2014.10.28-22.44.15:043][127]LogModuleManager: Shutting down and abandoning module Layers (119)
[2014.10.28-22.44.15:043][127]LogModuleManager: Shutting down and abandoning module ComponentVisualizers (118)
[2014.10.28-22.44.15:043][127]LogModuleManager: Shutting down and abandoning module DetailCustomizations (117)
[2014.10.28-22.44.15:043][127]LogModuleManager: Shutting down and abandoning module PackagesDialog (116)
[2014.10.28-22.44.15:043][127]LogModuleManager: Shutting down and abandoning module DirectoryWatcher (115)
[2014.10.28-22.44.15:043][127]LogModuleManager: Shutting down and abandoning module AssetRegistry (114)
[2014.10.28-22.44.15:146][127]LogModuleManager: Shutting down and abandoning module Persona (113)
[2014.10.28-22.44.15:146][127]LogModuleManager: Shutting down and abandoning module GraphEditor (112)
[2014.10.28-22.44.15:146][127]LogModuleManager: Shutting down and abandoning module ClassViewer (111)
[2014.10.28-22.44.15:146][127]LogModuleManager: Shutting down and abandoning module Toolbox (110)
[2014.10.28-22.44.15:147][127]LogModuleManager: Shutting down and abandoning module ModuleUI (109)
[2014.10.28-22.44.15:147][127]LogModuleManager: Shutting down and abandoning module Sequencer (108)
[2014.10.28-22.44.15:147][127]LogModuleManager: Shutting down and abandoning module MovieSceneTools (107)
[2014.10.28-22.44.15:147][127]LogModuleManager: Shutting down and abandoning module OutputLog (106)
[2014.10.28-22.44.15:147][127]LogModuleManager: Shutting down and abandoning module GammaUI (105)
[2014.10.28-22.44.15:147][127]LogModuleManager: Shutting down and abandoning module Documentation (104)
[2014.10.28-22.44.15:147][127]LogModuleManager: Shutting down and abandoning module GameLiveStreaming (103)
[2014.10.28-22.44.15:147][127]LogModuleManager: Shutting down and abandoning module StreamingPauseRendering (102)
[2014.10.28-22.44.15:147][127]LogModuleManager: Shutting down and abandoning module AnalyticsET (101)
[2014.10.28-22.44.15:147][127]LogModuleManager: Shutting down and abandoning module Analytics (100)
[2014.10.28-22.44.15:147][127]LogModuleManager: Shutting down and abandoning module GameplayDebugger (99)
[2014.10.28-22.44.15:147][127]LogModuleManager: Shutting down and abandoning module AIModule (98)
[2014.10.28-22.44.15:147][127]LogModuleManager: Shutting down and abandoning module ProfilerService (97)
[2014.10.28-22.44.15:244][127]LogModuleManager: Shutting down and abandoning module TaskGraph (96)
[2014.10.28-22.44.15:244][127]LogModuleManager: Shutting down and abandoning module SlateRemote (95)
[2014.10.28-22.44.15:244][127]LogModuleManager: Shutting down and abandoning module ScriptEditorPlugin (94)
[2014.10.28-22.44.15:244][127]LogModuleManager: Shutting down and abandoning module CustomMeshComponent (93)
[2014.10.28-22.44.15:244][127]LogModuleManager: Shutting down and abandoning module CableComponent (92)
[2014.10.28-22.44.15:244][127]LogModuleManager: Shutting down and abandoning module MessagingDebugger (91)
[2014.10.28-22.44.15:244][127]LogModuleManager: Shutting down and abandoning module ViewportSnapping (90)
[2014.10.28-22.44.15:244][127]LogModuleManager: Shutting down and abandoning module SmartSnapping (89)
[2014.10.28-22.44.15:244][127]LogModuleManager: Shutting down and abandoning module PaperTiledImporter (88)
[2014.10.28-22.44.15:244][127]LogModuleManager: Shutting down and abandoning module PaperJsonImporter (87)
[2014.10.28-22.44.15:244][127]LogModuleManager: Shutting down and abandoning module GameProjectGeneration (86)
[2014.10.28-22.44.15:244][127]LogModuleManager: Shutting down and abandoning module Matinee (85)
[2014.10.28-22.44.15:244][127]LogModuleManager: Shutting down and abandoning module Kismet (84)
[2014.10.28-22.44.15:244][127]LogModuleManager: Shutting down and abandoning module SlateReflector (83)
[2014.10.28-22.44.15:244][127]LogModuleManager: Shutting down and abandoning module LevelEditor (82)
[2014.10.28-22.44.15:245][127]LogModuleManager: Shutting down and abandoning module IntroTutorials (81)
[2014.10.28-22.44.15:245][127]LogModuleManager: Shutting down and abandoning module ContentBrowser (80)
[2014.10.28-22.44.15:246][127]LogModuleManager: Shutting down and abandoning module PropertyEditor (79)
[2014.10.28-22.44.15:246][127]LogModuleManager: Shutting down and abandoning module AssetTools (78)
[2014.10.28-22.44.15:246][127]LogModuleManager: Shutting down and abandoning module Paper2DEditor (77)
[2014.10.28-22.44.15:246][127]LogModuleManager: Shutting down and abandoning module SpeedTreeImporter (76)
[2014.10.28-22.44.15:246][127]LogModuleManager: Shutting down and abandoning module PluginsEditor (75)
[2014.10.28-22.44.15:246][127]LogModuleManager: Shutting down and abandoning module MainFrame (74)
[2014.10.28-22.44.15:246][127]LogModuleManager: Shutting down and abandoning module EpicSurvey (73)
[2014.10.28-22.44.15:246][127]LogModuleManager: Shutting down and abandoning module VisualStudioSourceCodeAccess (72)
[2014.10.28-22.44.15:246][127]LogModuleManager: Shutting down and abandoning module UObjectPlugin (71)
[2014.10.28-22.44.15:246][127]LogModuleManager: Shutting down and abandoning module SubversionSourceControl (70)
[2014.10.28-22.44.15:246][127]LogModuleManager: Shutting down and abandoning module SourceControl (69)
[2014.10.28-22.44.15:246][127]LogModuleManager: Shutting down and abandoning module PerforceSourceControl (68)
[2014.10.28-22.44.15:246][127]LogModuleManager: Shutting down and abandoning module BlankPlugin (67)
[2014.10.28-22.44.15:246][127]LogModuleManager: Shutting down and abandoning module ScriptPlugin (66)
[2014.10.28-22.44.15:246][127]LogModuleManager: Shutting down and abandoning module UdpMessaging (65)
[2014.10.28-22.44.15:347][127]LogModuleManager: Shutting down and abandoning module Paper2D (64)
[2014.10.28-22.44.15:347][127]LogModuleManager: Shutting down and abandoning module WindowsMoviePlayer (63)
[2014.10.28-22.44.15:350][127]LogModuleManager: Shutting down and abandoning module ImageWrapper (62)
[2014.10.28-22.44.15:350][127]LogModuleManager: Shutting down and abandoning module OnlineBlueprintSupport (61)
[2014.10.28-22.44.15:350][127]LogModuleManager: Shutting down and abandoning module FunctionalTesting (60)
[2014.10.28-22.44.15:350][127]LogModuleManager: Shutting down and abandoning module CollisionAnalyzer (59)
[2014.10.28-22.44.15:350][127]LogModuleManager: Shutting down and abandoning module WorkspaceMenuStructure (58)
[2014.10.28-22.44.15:350][127]LogModuleManager: Shutting down and abandoning module MessageLog (57)
[2014.10.28-22.44.15:350][127]LogModuleManager: Shutting down and abandoning module UMGEditor (56)
[2014.10.28-22.44.15:350][127]LogModuleManager: Shutting down and abandoning module UMG (55)
[2014.10.28-22.44.15:350][127]LogModuleManager: Shutting down and abandoning module Slate (54)
[2014.10.28-22.44.15:350][127]LogModuleManager: Shutting down and abandoning module EditorStyle (53)
[2014.10.28-22.44.15:352][127]LogModuleManager: Shutting down and abandoning module SessionServices (52)
[2014.10.28-22.44.15:352][127]LogModuleManager: Shutting down and abandoning module SourceCodeAccess (51)
[2014.10.28-22.44.15:352][127]LogModuleManager: Shutting down and abandoning module HeadMountedDisplay (50)
[2014.10.28-22.44.15:352][127]LogModuleManager: Shutting down and abandoning module XAudio2 (49)
[2014.10.28-22.44.15:352][127]LogModuleManager: Shutting down and abandoning module Networking (47)
[2014.10.28-22.44.15:352][127]LogModuleManager: Shutting down and abandoning module Core (46)
[2014.10.28-22.44.15:352][127]LogModuleManager: Shutting down and abandoning module KismetCompiler (45)
[2014.10.28-22.44.15:352][127]LogModuleManager: Shutting down and abandoning module PhysXFormats (44)
[2014.10.28-22.44.15:352][127]LogModuleManager: Shutting down and abandoning module MeshUtilities (43)
[2014.10.28-22.44.15:352][127]LogModuleManager: Shutting down and abandoning module DerivedDataCache (42)
[2014.10.28-22.44.15:355][127]LogDerivedDataCache: Shutdown
[2014.10.28-22.44.15:355][127]LogModuleManager: Shutting down and abandoning module ShaderFormatOpenGL (41)
[2014.10.28-22.44.15:355][127]LogModuleManager: Shutting down and abandoning module ShaderFormatD3D (40)
[2014.10.28-22.44.15:355][127]LogModuleManager: Shutting down and abandoning module MetalShaderFormat (39)
[2014.10.28-22.44.15:355][127]LogModuleManager: Shutting down and abandoning module TextureFormatUncompressed (38)
[2014.10.28-22.44.15:355][127]LogModuleManager: Shutting down and abandoning module TextureFormatPVR (37)
[2014.10.28-22.44.15:355][127]LogModuleManager: Shutting down and abandoning module TextureFormatDXT (36)
[2014.10.28-22.44.15:355][127]LogModuleManager: Shutting down and abandoning module TextureFormatAndroid (35)
[2014.10.28-22.44.15:355][127]LogModuleManager: Shutting down and abandoning module AudioFormatOpus (34)
[2014.10.28-22.44.15:355][127]LogModuleManager: Shutting down and abandoning module AudioFormatOgg (33)
[2014.10.28-22.44.15:355][127]LogModuleManager: Shutting down and abandoning module AudioFormatADPCM (32)
[2014.10.28-22.44.15:355][127]LogModuleManager: Shutting down and abandoning module Messaging (31)
[2014.10.28-22.44.15:355][127]LogModuleManager: Shutting down and abandoning module IOSTargetPlatform (30)
[2014.10.28-22.44.15:355][127]LogModuleManager: Shutting down and abandoning module Android_PVRTCTargetPlatform (29)
[2014.10.28-22.44.15:355][127]LogModuleManager: Shutting down and abandoning module Android_ETC2TargetPlatform (28)
[2014.10.28-22.44.15:355][127]LogModuleManager: Shutting down and abandoning module Android_ETC1TargetPlatform (27)
[2014.10.28-22.44.15:355][127]LogModuleManager: Shutting down and abandoning module Android_DXTTargetPlatform (26)
[2014.10.28-22.44.15:355][127]LogModuleManager: Shutting down and abandoning module Android_ATCTargetPlatform (25)
[2014.10.28-22.44.15:355][127]LogModuleManager: Shutting down and abandoning module AndroidTargetPlatform (24)
[2014.10.28-22.44.15:355][127]LogModuleManager: Shutting down and abandoning module WindowsTargetPlatform (23)
[2014.10.28-22.44.15:355][127]LogModuleManager: Shutting down and abandoning module WindowsServerTargetPlatform (22)
[2014.10.28-22.44.15:355][127]LogModuleManager: Shutting down and abandoning module WindowsNoEditorTargetPlatform (21)
[2014.10.28-22.44.15:355][127]LogModuleManager: Shutting down and abandoning module WindowsClientTargetPlatform (20)
[2014.10.28-22.44.15:355][127]LogModuleManager: Shutting down and abandoning module TargetPlatform (19)
[2014.10.28-22.44.15:355][127]LogModuleManager: Shutting down and abandoning module InputCore (18)
[2014.10.28-22.44.15:355][127]LogModuleManager: Shutting down and abandoning module Settings (17)
[2014.10.28-22.44.15:356][127]LogModuleManager: Shutting down and abandoning module ExampleDeviceProfileSelector (14)
[2014.10.28-22.44.15:356][127]LogModuleManager: Shutting down and abandoning module OculusRift (13)
[2014.10.28-22.44.15:356][127]LogModuleManager: Shutting down and abandoning module TextureCompressor (12)
[2014.10.28-22.44.15:356][127]LogModuleManager: Shutting down and abandoning module ShaderCore (11)
[2014.10.28-22.44.15:356][127]LogModuleManager: Shutting down and abandoning module OpenGLDrv (10)
[2014.10.28-22.44.15:356][127]LogModuleManager: Shutting down and abandoning module D3D11RHI (9)
[2014.10.28-22.44.15:356][127]LogModuleManager: Shutting down and abandoning module SlateRHIRenderer (8)
[2014.10.28-22.44.15:356][127]LogModuleManager: Shutting down and abandoning module Renderer (7)
[2014.10.28-22.44.15:356][127]LogModuleManager: Shutting down and abandoning module Engine (6)
[2014.10.28-22.44.15:356][127]LogModuleManager: Shutting down and abandoning module CoreUObject (5)
[2014.10.28-22.44.15:356][127]LogModuleManager: Shutting down and abandoning module NetworkFile (4)
[2014.10.28-22.44.15:356][127]LogModuleManager: Shutting down and abandoning module StreamingFile (3)
[2014.10.28-22.44.15:356][127]LogModuleManager: Shutting down and abandoning module SandboxFile (2)
[2014.10.28-22.44.15:356][127]LogModuleManager: Shutting down and abandoning module PakFile (1)
[2014.10.28-22.44.15:356][127]LogExit: Exiting.
[2014.10.28-22.44.15:360][127]Log file closed, 10/28/14 18:44:15
