Log file open, 11/04/14 21:20:09
LogInit:Display: Running engine for game: Unlit
LogInit: Version: 4.5.1-2336687+++depot+UE4-Releases+4.5
LogInit: API Version: 2326478
LogInit: Compiled (64-bit): Oct 21 2014 22:32:40
LogInit: Compiled with Visual C++: 18.00.21005.01
LogInit: Build Configuration: Development
LogInit: Branch Name: ++depot+UE4-Releases+4.5
LogInit: Command line: 
LogInit: Base directory: C:/Program Files/Unreal Engine/4.5/Engine/Binaries/Win64/
LogInit: Rocket: 1
[2014.11.05-02.20.09:398][  0]LogTaskGraph: Started task graph with 3 named threads and 4 total threads.
[2014.11.05-02.20.09:432][  0]LogOnline:Warning: No default platform service specified for OnlineSubsystem
[2014.11.05-02.20.09:460][  0]LogInit: Presizing for 0 objects not considered by GC, pre-allocating 0 bytes.
[2014.11.05-02.20.09:471][  0]LogInit: Object subsystem initialized
[2014.11.05-02.20.09:476][  0]LogConsoleResponse:Warning: Skipping Unknown console variable: 'UIScaleRule = ShortestSide'
[2014.11.05-02.20.09:477][  0]LogConsoleResponse:Warning:   Found in ini file 'C:/git/Unlit/Saved/Config/Windows/Engine.ini', in section '[/Script/Engine.RendererSettings]'
[2014.11.05-02.20.09:481][  0]LogConsoleResponse:Warning: Skipping Unknown console variable: 'UIScaleCurve = (EditorCurveData=(Keys=((Time=480,Value=0.444),(Time=720,Value=0.666),(Time=1080,Value=1.0),(Time=8640,Value=8.0))),ExternalCurve=None)'
[2014.11.05-02.20.09:484][  0]LogConsoleResponse:Warning:   Found in ini file 'C:/git/Unlit/Saved/Config/Windows/Engine.ini', in section '[/Script/Engine.RendererSettings]'
[2014.11.05-02.20.09:496][  0]LogInit: Selected Device Profile: [Windows]
[2014.11.05-02.20.09:497][  0]LogInit: Applying CVar settings loaded from the selected device profile: [Windows]
[2014.11.05-02.20.09:507][  0]LogInit: Computer: JON81
[2014.11.05-02.20.09:507][  0]LogInit: User: jon
[2014.11.05-02.20.09:508][  0]LogInit: CPU Page size=4096, Cores=4
[2014.11.05-02.20.09:509][  0]LogInit: High frequency timer resolution =3.515622 MHz
[2014.11.05-02.20.09:510][  0]LogMemory: Memory total: Physical=16.0GB (16GB approx) Virtual=131072.0GB
[2014.11.05-02.20.09:511][  0]LogMemory: Platform Memory Stats for Windows
[2014.11.05-02.20.09:512][  0]LogMemory: Process Physical Memory: 61.08 MB used, 61.08 MB peak
[2014.11.05-02.20.09:513][  0]LogMemory: Process Virtual Memory: 38.29 MB used, 38.29 MB peak
[2014.11.05-02.20.09:514][  0]LogMemory: Physical Memory: 4738.13 MB used, 16333.22 MB total
[2014.11.05-02.20.09:514][  0]LogMemory: Virtual Memory: 281.35 MB used, 134217728.00 MB total
[2014.11.05-02.20.09:596][  0]LogD3D11RHI: Found D3D11 adapter 0: NVIDIA GeForce GTX 760 (Feature Level 11_0)
[2014.11.05-02.20.09:597][  0]LogD3D11RHI: Adapter has 1985MB of dedicated video memory, 0MB of dedicated system memory, and 2048MB of shared system memory, 2 output[s]
[2014.11.05-02.20.09:610][  0]LogD3D11RHI: Found D3D11 adapter 1: Microsoft Basic Render Driver (Feature Level 11_0)
[2014.11.05-02.20.09:611][  0]LogD3D11RHI: Adapter has 0MB of dedicated video memory, 0MB of dedicated system memory, and 256MB of shared system memory, 0 output[s]
[2014.11.05-02.20.09:612][  0]LogD3D11RHI: Chosen D3D11 Adapter Id = 0
[2014.11.05-02.20.09:617][  0]LogRHI: Texture pool is 1361 MB (70% of 1945 MB)
[2014.11.05-02.20.09:670][  0]LogD3D11RHI: Async texture creation enabled
[2014.11.05-02.20.09:756][  0]LogTextLocalizationManager: The requested culture ('en_US') has no localization data; parent culture's ('en') localization data will be used.
[2014.11.05-02.20.09:907][  0]LogContentStreaming: Texture pool size is 0.000000MB
[2014.11.05-02.20.14:266][  0]LogTargetPlatformManager:Display: Building Assets For Windows
[2014.11.05-02.20.14:818][  0]LogTargetPlatformManager:Display: Building Assets For Windows
[2014.11.05-02.20.14:887][  0]LogDerivedDataCache:Display: Max Cache Size: 512 MB
[2014.11.05-02.20.14:935][  0]LogDerivedDataCache: Loaded boot cache 0.05s 39MB C:/Users/jon/AppData/Local/UnrealEngine/4.5/DerivedDataCache/Boot.ddc.
[2014.11.05-02.20.14:936][  0]LogDerivedDataCache:Display: Loaded Boot cache: C:/Users/jon/AppData/Local/UnrealEngine/4.5/DerivedDataCache/Boot.ddc
[2014.11.05-02.20.14:937][  0]LogDerivedDataCache: FDerivedDataBackendGraph:  Pak pak cache file ../../../../../../git/Unlit/DerivedDataCache/DDC.ddp not found, will not use a pak cache.
[2014.11.05-02.20.14:937][  0]LogDerivedDataCache: Unable to find inner node Pak for hierarchical cache Hierarchy.
[2014.11.05-02.20.14:997][  0]LogDerivedDataCache:Display: Pak cache opened for reading ../../../Engine/DerivedDataCache/DDC.ddp.
[2014.11.05-02.20.15:010][  0]LogDerivedDataCache: Using Local data cache path C:/Users/jon/AppData/Local/UnrealEngine/Common/DerivedDataCache: Writable
[2014.11.05-02.20.15:197][  0]LogMeshUtilities: No automatic mesh reduction module available
[2014.11.05-02.20.15:197][  0]LogMeshUtilities: No automatic mesh merging module available
[2014.11.05-02.20.15:429][  0]LogLinker:Warning: Asset '../../../Engine/Content/Functions/Engine_MaterialFunctions02/Texturing/FlipBook.uasset' has been saved with empty engine version. The asset will be loaded but may be incompatible.
[2014.11.05-02.20.15:433][  0]LogLinker:Warning: Asset '../../../Engine/Content/Functions/Engine_MaterialFunctions02/ExampleContent/Textures/flipbook.uasset' has been saved with empty engine version. The asset will be loaded but may be incompatible.
[2014.11.05-02.20.15:611][  0]LogInit: WinSock: version 1.1 (2.2), MaxSocks=32767, MaxUdp=65467
[2014.11.05-02.20.16:560][  0]UdpMessaging: Initializing bridge on interface 0.0.0.0:0 to multicast group 230.0.0.1:6666.
[2014.11.05-02.20.16:834][  0]BlueprintLog:Warning: Warning Blueprint Projectile has been migrated and requires re-saving to avoid import errors
[2014.11.05-02.20.16:838][  0]LogTexture:Display: Building textures: crosshair (AutoDXT)
[2014.11.05-02.20.17:098][  0]SourceControl: Info Source control is disabled
[2014.11.05-02.20.17:099][  0]SourceControl: Info Source control is disabled
[2014.11.05-02.20.17:108][  0]SourceControl: Info Source control is disabled
[2014.11.05-02.20.17:247][  0]LogObj: 27457 objects as part of root set at end of initial load.
[2014.11.05-02.20.17:247][  0]LogUObjectAllocator: 6364368 out of 0 bytes used by permanent object pool.
[2014.11.05-02.20.17:311][  0]LogEngine: Initializing Engine...
[2014.11.05-02.20.17:443][  0]LogInit: XAudio2 using 'Speakers (High Definition Audio Device)' : 2 channels at 44.1 kHz using 16 bits per sample (channel mask 0x3)
[2014.11.05-02.20.17:455][  0]LogInit: FAudioDevice initialized.
[2014.11.05-02.20.17:479][  0]LogAIModule: Creating AISystem for world NewWorld
[2014.11.05-02.20.17:501][  0]LogDerivedDataCache: Saved boot cache 0.02s 40MB C:/Users/jon/AppData/Local/UnrealEngine/4.5/DerivedDataCache/Boot.ddc.
[2014.11.05-02.20.17:506][  0]LogInit: Texture streaming: Enabled
[2014.11.05-02.20.17:558][  0]LogInit: Transaction tracking system initialized
[2014.11.05-02.20.17:669][  0]BlueprintLog: New page: Editor Load
[2014.11.05-02.20.17:709][  0]LogAssetRegistry: FAssetRegistry took 0.0116 seconds to start up
[2014.11.05-02.20.17:709][  0]LogDirectoryWatcher:Warning: Failed to begin reading directory changes for ../../../Engine/Plugins/Experimental/CharacterAI/Content/. Error: 0
[2014.11.05-02.20.18:229][  0]LogTargetPlatformManager:Display: Building Assets For Windows
[2014.11.05-02.20.18:591][  0]LogTargetPlatformManager:Display: Building Assets For Windows
[2014.11.05-02.20.19:918][  0]LogConsoleResponse:Display: 
[2014.11.05-02.20.20:143][  0]SourceControl: Info Source control is disabled
[2014.11.05-02.20.20:143][  0]Cmd: MAP LOAD FILE="../../../../../../git/Unlit/Content/Maps/Example_Map.umap" TEMPLATE=0 SHOWPROGRESS=1
[2014.11.05-02.20.20:144][  0]LightingResults: New page: Lighting Build
[2014.11.05-02.20.20:153][  0]MapCheck: New page: Map Check
[2014.11.05-02.20.20:154][  0]LightingResults: New page: Lighting Build
[2014.11.05-02.20.20:180][  0]LogParticles: Destroying 0 GPU particle simulations for FXSystem 0x00000010EF2E5080
[2014.11.05-02.20.20:372][  0]LogTexture:Display: Building textures: HQ_Lightmap0_1 (AutoDXT)
[2014.11.05-02.20.20:486][  0]LogTexture:Display: Building textures: HQ_Lightmap0_2 (AutoDXT)
[2014.11.05-02.20.20:492][  0]LogTexture:Display: Building textures: HQ_Lightmap1_2 (AutoDXT)
[2014.11.05-02.20.20:514][  0]LogTexture:Display: Building textures: LQ_Lightmap_0_1 (DXT1)
[2014.11.05-02.20.20:586][  0]LogTexture:Display: Building textures: LQ_Lightmap_1_2 (DXT1)
[2014.11.05-02.20.20:598][  0]LogTexture:Display: Building textures: ShadowMapTexture2D_0 (BGRA8)
[2014.11.05-02.20.20:628][  0]LogTexture:Display: Building textures: ShadowMapTexture2D_1 (BGRA8)
[2014.11.05-02.20.20:629][  0]LogTexture:Display: Building textures: ShadowMapTexture2D_2 (BGRA8)
[2014.11.05-02.20.20:636][  0]LogEditorServer: Finished looking for orphan Actors (0.000 secs)
[2014.11.05-02.20.20:639][  0]LogAIModule: Creating AISystem for world Example_Map
[2014.11.05-02.20.20:640][  0]Cmd: MAP CHECKDEP
[2014.11.05-02.20.20:641][  0]MapCheck: New page: Example_Map - Nov 4, 2014, 4:20:20 PM
[2014.11.05-02.20.21:003][  0]MapCheck: Info Map check complete: 0 Error(s), 0 Warning(s), took 362.455ms to complete.
[2014.11.05-02.20.21:004][  0]LogFileHelpers: Loading map 'Example_Map' took 0.861
[2014.11.05-02.20.21:099][  0]LogCollectionManager: Loaded 0 collections in 0.002151 seconds
[2014.11.05-02.20.21:269][  0]LogCrashTracker: Crashtracker disabled due to settings.
[2014.11.05-02.20.21:286][  0]LogUObjectGlobals:Warning: Failed to find object 'Class None.'
[2014.11.05-02.20.21:341][  0]LogLoad: Full Startup: 14.20 seconds (BP compile: 0.13 seconds)
[2014.11.05-02.20.21:534][  0]LogRenderer:Warning: Reallocating scene render targets to support 1136x904.
[2014.11.05-02.20.22:135][  2]LogAssetRegistry: Asset discovery search completed in 4.4377 seconds
[2014.11.05-02.20.24:778][139]LogPlayLevel: PIE:  No blueprints needed recompiling
[2014.11.05-02.20.24:780][139]PIE: New page: PIE session: Example_Map (Nov 4, 2014, 4:20:24 PM)
[2014.11.05-02.20.24:831][139]LogPlayLevel: PIE: StaticDuplicateObject took: (0.051030s)
[2014.11.05-02.20.24:834][139]LogPlayLevel: PIE: World Init took: (0.000776s)
[2014.11.05-02.20.24:835][139]LogPlayLevel: PIE: Created PIE world by copying editor world from /Game/Maps/Example_Map.Example_Map to /Game/Maps/UEDPIE_0_Example_Map.Example_Map (0.054612s)
[2014.11.05-02.20.24:892][139]LogWorld: Game class is 'UnlitGameMode'
[2014.11.05-02.20.24:895][139]LogAIModule: Creating AISystem for world Example_Map
[2014.11.05-02.20.24:897][139]LogWorld: Bringing World /Game/Maps/UEDPIE_0_Example_Map.Example_Map up for play (max tick rate 0) at 2014.11.04-21.20.24
[2014.11.05-02.20.24:898][139]LogWorld: Bringing up level for play took: 0.002568
[2014.11.05-02.20.24:902][139]PIE: Info Play in editor start time for /Game/Maps/UEDPIE_0_Example_Map 0.024
[2014.11.05-02.20.31:247][672]LogParticles: Destroying 0 GPU particle simulations for FXSystem 0x00000010F29E51C0
[2014.11.05-02.20.34:799][958]Cmd: QUIT_EDITOR
[2014.11.05-02.20.35:075][958]LogExit: Preparing to exit.
[2014.11.05-02.20.35:874][958]LogExit: Editor shut down
[2014.11.05-02.20.35:875][958]LogExit: Transaction tracking system shut down
[2014.11.05-02.20.35:875][958]LogParticles: Destroying 0 GPU particle simulations for FXSystem 0x00000010EEFEEB60
[2014.11.05-02.20.35:895][958]LogExit: Object subsystem successfully closed.
[2014.11.05-02.20.35:945][958]LogModuleManager: Shutting down and abandoning module AndroidDeviceDetection (167)
[2014.11.05-02.20.36:408][958]LogModuleManager: Shutting down and abandoning module CrashTracker (166)
[2014.11.05-02.20.36:409][958]LogModuleManager: Shutting down and abandoning module SuperSearch (165)
[2014.11.05-02.20.36:409][958]LogModuleManager: Shutting down and abandoning module SceneOutliner (164)
[2014.11.05-02.20.36:409][958]LogModuleManager: Shutting down and abandoning module EditorWidgets (163)
[2014.11.05-02.20.36:409][958]LogModuleManager: Shutting down and abandoning module CollectionManager (162)
[2014.11.05-02.20.36:409][958]LogModuleManager: Shutting down and abandoning module StatsViewer (161)
[2014.11.05-02.20.36:410][958]LogModuleManager: Shutting down and abandoning module FoliageEdit (160)
[2014.11.05-02.20.36:410][958]LogModuleManager: Shutting down and abandoning module LandscapeEditor (159)
[2014.11.05-02.20.36:410][958]LogModuleManager: Shutting down and abandoning module MeshPaint (158)
[2014.11.05-02.20.36:410][958]LogModuleManager: Shutting down and abandoning module ActorPickerMode (157)
[2014.11.05-02.20.36:410][958]LogModuleManager: Shutting down and abandoning module GeometryMode (156)
[2014.11.05-02.20.36:410][958]LogModuleManager: Shutting down and abandoning module TextureAlignMode (155)
[2014.11.05-02.20.36:411][958]LogModuleManager: Shutting down and abandoning module BspMode (154)
[2014.11.05-02.20.36:411][958]LogModuleManager: Shutting down and abandoning module PlacementMode (153)
[2014.11.05-02.20.36:411][958]LogModuleManager: Shutting down and abandoning module AutomationWorker (152)
[2014.11.05-02.20.36:411][958]LogModuleManager: Shutting down and abandoning module CharacterAI (151)
[2014.11.05-02.20.36:411][958]LogModuleManager: Shutting down and abandoning module GameProjectGeneration (150)
[2014.11.05-02.20.36:411][958]LogModuleManager: Shutting down and abandoning module IntroTutorials (149)
[2014.11.05-02.20.36:412][958]LogModuleManager: Shutting down and abandoning module EditorLiveStreaming (148)
[2014.11.05-02.20.36:412][958]LogModuleManager: Shutting down and abandoning module HardwareTargeting (147)
[2014.11.05-02.20.36:412][958]LogModuleManager: Shutting down and abandoning module BehaviorTreeEditor (146)
[2014.11.05-02.20.36:412][958]LogModuleManager: Shutting down and abandoning module DeviceProfileEditor (145)
[2014.11.05-02.20.36:412][958]LogModuleManager: Shutting down and abandoning module UndoHistory (144)
[2014.11.05-02.20.36:413][958]LogModuleManager: Shutting down and abandoning module GameplayTagsEditor (143)
[2014.11.05-02.20.36:413][958]LogModuleManager: Shutting down and abandoning module UserFeedback (142)
[2014.11.05-02.20.36:413][958]LogModuleManager: Shutting down and abandoning module XmlParser (141)
[2014.11.05-02.20.36:413][958]LogModuleManager: Shutting down and abandoning module Blutility (140)
[2014.11.05-02.20.36:414][958]LogModuleManager: Shutting down and abandoning module IOSPlatformEditor (139)
[2014.11.05-02.20.36:414][958]LogModuleManager: Shutting down and abandoning module IOSRuntimeSettings (138)
[2014.11.05-02.20.36:414][958]LogModuleManager: Shutting down and abandoning module AndroidPlatformEditor (137)
[2014.11.05-02.20.36:414][958]LogModuleManager: Shutting down and abandoning module AndroidRuntimeSettings (136)
[2014.11.05-02.20.36:414][958]LogModuleManager: Shutting down and abandoning module ProjectTargetPlatformEditor (135)
[2014.11.05-02.20.36:415][958]LogModuleManager: Shutting down and abandoning module ProjectSettingsViewer (134)
[2014.11.05-02.20.36:415][958]LogModuleManager: Shutting down and abandoning module InputBindingEditor (133)
[2014.11.05-02.20.36:415][958]LogModuleManager: Shutting down and abandoning module EditorSettingsViewer (132)
[2014.11.05-02.20.36:416][958]LogModuleManager: Shutting down and abandoning module SettingsEditor (131)
[2014.11.05-02.20.36:416][958]LogModuleManager: Shutting down and abandoning module ProjectLauncher (130)
[2014.11.05-02.20.36:416][958]LogModuleManager: Shutting down and abandoning module SessionFrontend (129)
[2014.11.05-02.20.36:416][958]LogModuleManager: Shutting down and abandoning module ProfilerClient (128)
[2014.11.05-02.20.36:416][958]LogModuleManager: Shutting down and abandoning module TargetDeviceServices (127)
[2014.11.05-02.20.36:417][958]LogModuleManager: Shutting down and abandoning module DeviceManager (126)
[2014.11.05-02.20.36:417][958]LogModuleManager: Shutting down and abandoning module AutomationController (125)
[2014.11.05-02.20.36:417][958]LogModuleManager: Shutting down and abandoning module AutomationWindow (124)
[2014.11.05-02.20.36:417][958]LogModuleManager: Shutting down and abandoning module Layers (123)
[2014.11.05-02.20.36:418][958]LogModuleManager: Shutting down and abandoning module ComponentVisualizers (122)
[2014.11.05-02.20.36:418][958]LogModuleManager: Shutting down and abandoning module DetailCustomizations (121)
[2014.11.05-02.20.36:418][958]LogModuleManager: Shutting down and abandoning module PackagesDialog (120)
[2014.11.05-02.20.36:418][958]LogModuleManager: Shutting down and abandoning module AssetRegistry (119)
[2014.11.05-02.20.36:523][958]LogModuleManager: Shutting down and abandoning module Persona (118)
[2014.11.05-02.20.36:523][958]LogModuleManager: Shutting down and abandoning module Kismet (117)
[2014.11.05-02.20.36:524][958]LogModuleManager: Shutting down and abandoning module GraphEditor (116)
[2014.11.05-02.20.36:524][958]LogModuleManager: Shutting down and abandoning module ClassViewer (115)
[2014.11.05-02.20.36:524][958]LogModuleManager: Shutting down and abandoning module Toolbox (114)
[2014.11.05-02.20.36:524][958]LogModuleManager: Shutting down and abandoning module ModuleUI (113)
[2014.11.05-02.20.36:525][958]LogModuleManager: Shutting down and abandoning module MovieSceneTools (112)
[2014.11.05-02.20.36:525][958]LogModuleManager: Shutting down and abandoning module OutputLog (111)
[2014.11.05-02.20.36:525][958]LogModuleManager: Shutting down and abandoning module GammaUI (110)
[2014.11.05-02.20.36:525][958]LogModuleManager: Shutting down and abandoning module Documentation (109)
[2014.11.05-02.20.36:525][958]LogModuleManager: Shutting down and abandoning module GameLiveStreaming (108)
[2014.11.05-02.20.36:526][958]LogModuleManager: Shutting down and abandoning module StreamingPauseRendering (107)
[2014.11.05-02.20.36:526][958]LogModuleManager: Shutting down and abandoning module HTTP (106)
[2014.11.05-02.20.36:526][958]LogModuleManager: Shutting down and abandoning module AnalyticsET (105)
[2014.11.05-02.20.36:526][958]LogModuleManager: Shutting down and abandoning module Analytics (104)
[2014.11.05-02.20.36:527][958]LogModuleManager: Shutting down and abandoning module GameplayDebugger (103)
[2014.11.05-02.20.36:527][958]LogModuleManager: Shutting down and abandoning module AIModule (102)
[2014.11.05-02.20.36:527][958]LogModuleManager: Shutting down and abandoning module ProfilerService (101)
[2014.11.05-02.20.36:740][958]LogModuleManager: Shutting down and abandoning module TaskGraph (100)
[2014.11.05-02.20.36:740][958]LogModuleManager: Shutting down and abandoning module SlateRemote (99)
[2014.11.05-02.20.36:741][958]LogModuleManager: Shutting down and abandoning module ScriptEditorPlugin (98)
[2014.11.05-02.20.36:741][958]LogModuleManager: Shutting down and abandoning module CustomMeshComponent (97)
[2014.11.05-02.20.36:741][958]LogModuleManager: Shutting down and abandoning module CableComponent (96)
[2014.11.05-02.20.36:741][958]LogModuleManager: Shutting down and abandoning module MessagingDebugger (95)
[2014.11.05-02.20.36:741][958]LogModuleManager: Shutting down and abandoning module MediaPlayerEditor (94)
[2014.11.05-02.20.36:742][958]LogModuleManager: Shutting down and abandoning module SpeedTreeImporter (93)
[2014.11.05-02.20.36:742][958]LogModuleManager: Shutting down and abandoning module PluginsEditor (92)
[2014.11.05-02.20.36:742][958]LogModuleManager: Shutting down and abandoning module EpicSurvey (91)
[2014.11.05-02.20.36:742][958]LogModuleManager: Shutting down and abandoning module DesktopPlatform (90)
[2014.11.05-02.20.36:742][958]LogModuleManager: Shutting down and abandoning module VisualStudioSourceCodeAccess (89)
[2014.11.05-02.20.36:743][958]LogModuleManager: Shutting down and abandoning module UObjectPlugin (88)
[2014.11.05-02.20.36:743][958]LogModuleManager: Shutting down and abandoning module SubversionSourceControl (87)
[2014.11.05-02.20.36:743][958]LogModuleManager: Shutting down and abandoning module SourceControl (86)
[2014.11.05-02.20.36:743][958]LogModuleManager: Shutting down and abandoning module PerforceSourceControl (85)
[2014.11.05-02.20.36:744][958]LogModuleManager: Shutting down and abandoning module BlankPlugin (84)
[2014.11.05-02.20.36:744][958]LogModuleManager: Shutting down and abandoning module SlateReflector (83)
[2014.11.05-02.20.36:744][958]LogModuleManager: Shutting down and abandoning module DirectoryWatcher (82)
[2014.11.05-02.20.36:744][958]LogModuleManager: Shutting down and abandoning module HotReload (81)
[2014.11.05-02.20.36:745][958]LogModuleManager: Shutting down and abandoning module MainFrame (80)
[2014.11.05-02.20.36:745][958]LogModuleManager: Shutting down and abandoning module LevelEditor (79)
[2014.11.05-02.20.36:746][958]LogModuleManager: Shutting down and abandoning module ViewportSnapping (78)
[2014.11.05-02.20.36:746][958]LogModuleManager: Shutting down and abandoning module SmartSnapping (77)
[2014.11.05-02.20.36:746][958]LogModuleManager: Shutting down and abandoning module PaperTiledImporter (76)
[2014.11.05-02.20.36:747][958]LogModuleManager: Shutting down and abandoning module PaperJsonImporter (75)
[2014.11.05-02.20.36:747][958]LogModuleManager: Shutting down and abandoning module ContentBrowser (74)
[2014.11.05-02.20.36:747][958]LogModuleManager: Shutting down and abandoning module PropertyEditor (73)
[2014.11.05-02.20.36:747][958]LogModuleManager: Shutting down and abandoning module Paper2DEditor (72)
[2014.11.05-02.20.36:747][958]LogModuleManager: Shutting down and abandoning module Unlit (71)
[2014.11.05-02.20.36:748][958]LogModuleManager: Shutting down and abandoning module ScriptPlugin (70)
[2014.11.05-02.20.36:748][958]LogModuleManager: Shutting down and abandoning module UdpMessaging (69)
[2014.11.05-02.20.36:849][958]LogModuleManager: Shutting down and abandoning module Paper2D (68)
[2014.11.05-02.20.36:849][958]LogModuleManager: Shutting down and abandoning module WindowsMoviePlayer (67)
[2014.11.05-02.20.36:853][958]LogModuleManager: Shutting down and abandoning module Media (66)
[2014.11.05-02.20.36:854][958]LogModuleManager: Shutting down and abandoning module WmfMedia (65)
[2014.11.05-02.20.36:854][958]LogModuleManager: Shutting down and abandoning module OnlineBlueprintSupport (64)
[2014.11.05-02.20.36:855][958]LogModuleManager: Shutting down and abandoning module FunctionalTesting (63)
[2014.11.05-02.20.36:855][958]LogModuleManager: Shutting down and abandoning module CollisionAnalyzer (62)
[2014.11.05-02.20.36:855][958]LogModuleManager: Shutting down and abandoning module WorkspaceMenuStructure (61)
[2014.11.05-02.20.36:856][958]LogModuleManager: Shutting down and abandoning module MessageLog (60)
[2014.11.05-02.20.36:856][958]LogModuleManager: Shutting down and abandoning module Sequencer (59)
[2014.11.05-02.20.36:856][958]LogModuleManager: Shutting down and abandoning module AssetTools (58)
[2014.11.05-02.20.36:856][958]LogModuleManager: Shutting down and abandoning module UMGEditor (57)
[2014.11.05-02.20.36:857][958]LogModuleManager: Shutting down and abandoning module UMG (56)
[2014.11.05-02.20.36:857][958]LogModuleManager: Shutting down and abandoning module Slate (55)
[2014.11.05-02.20.36:857][958]LogModuleManager: Shutting down and abandoning module EditorStyle (54)
[2014.11.05-02.20.36:858][958]LogModuleManager: Shutting down and abandoning module SessionServices (53)
[2014.11.05-02.20.36:859][958]LogModuleManager: Shutting down and abandoning module SourceCodeAccess (52)
[2014.11.05-02.20.36:859][958]LogModuleManager: Shutting down and abandoning module HeadMountedDisplay (51)
[2014.11.05-02.20.36:859][958]LogModuleManager: Shutting down and abandoning module XAudio2 (50)
[2014.11.05-02.20.36:859][958]LogModuleManager: Shutting down and abandoning module Networking (48)
[2014.11.05-02.20.36:860][958]LogModuleManager: Shutting down and abandoning module Core (47)
[2014.11.05-02.20.36:860][958]LogModuleManager: Shutting down and abandoning module KismetCompiler (46)
[2014.11.05-02.20.36:860][958]LogModuleManager: Shutting down and abandoning module PhysXFormats (45)
[2014.11.05-02.20.36:860][958]LogModuleManager: Shutting down and abandoning module MeshUtilities (44)
[2014.11.05-02.20.36:860][958]LogModuleManager: Shutting down and abandoning module DerivedDataCache (43)
[2014.11.05-02.20.37:336][958]LogDerivedDataCache: Shutdown
[2014.11.05-02.20.37:337][958]LogModuleManager: Shutting down and abandoning module ShaderFormatOpenGL (42)
[2014.11.05-02.20.37:337][958]LogModuleManager: Shutting down and abandoning module ShaderFormatD3D (41)
[2014.11.05-02.20.37:337][958]LogModuleManager: Shutting down and abandoning module MetalShaderFormat (40)
[2014.11.05-02.20.37:337][958]LogModuleManager: Shutting down and abandoning module TextureFormatUncompressed (39)
[2014.11.05-02.20.37:337][958]LogModuleManager: Shutting down and abandoning module TextureFormatPVR (38)
[2014.11.05-02.20.37:338][958]LogModuleManager: Shutting down and abandoning module TextureFormatDXT (37)
[2014.11.05-02.20.37:338][958]LogModuleManager: Shutting down and abandoning module TextureFormatAndroid (36)
[2014.11.05-02.20.37:338][958]LogModuleManager: Shutting down and abandoning module AudioFormatOpus (35)
[2014.11.05-02.20.37:338][958]LogModuleManager: Shutting down and abandoning module AudioFormatOgg (34)
[2014.11.05-02.20.37:338][958]LogModuleManager: Shutting down and abandoning module AudioFormatADPCM (33)
[2014.11.05-02.20.37:339][958]LogModuleManager: Shutting down and abandoning module Messaging (32)
[2014.11.05-02.20.37:339][958]LogModuleManager: Shutting down and abandoning module IOSTargetPlatform (31)
[2014.11.05-02.20.37:339][958]LogModuleManager: Shutting down and abandoning module Android_PVRTCTargetPlatform (30)
[2014.11.05-02.20.37:339][958]LogModuleManager: Shutting down and abandoning module Android_ETC2TargetPlatform (29)
[2014.11.05-02.20.37:340][958]LogModuleManager: Shutting down and abandoning module Android_ETC1TargetPlatform (28)
[2014.11.05-02.20.37:340][958]LogModuleManager: Shutting down and abandoning module Android_DXTTargetPlatform (27)
[2014.11.05-02.20.37:340][958]LogModuleManager: Shutting down and abandoning module Android_ATCTargetPlatform (26)
[2014.11.05-02.20.37:340][958]LogModuleManager: Shutting down and abandoning module AndroidTargetPlatform (25)
[2014.11.05-02.20.37:340][958]LogModuleManager: Shutting down and abandoning module WindowsTargetPlatform (24)
[2014.11.05-02.20.37:341][958]LogModuleManager: Shutting down and abandoning module WindowsServerTargetPlatform (23)
[2014.11.05-02.20.37:341][958]LogModuleManager: Shutting down and abandoning module WindowsNoEditorTargetPlatform (22)
[2014.11.05-02.20.37:341][958]LogModuleManager: Shutting down and abandoning module WindowsClientTargetPlatform (21)
[2014.11.05-02.20.37:341][958]LogModuleManager: Shutting down and abandoning module TargetPlatform (20)
[2014.11.05-02.20.37:341][958]LogModuleManager: Shutting down and abandoning module InputCore (19)
[2014.11.05-02.20.37:342][958]LogModuleManager: Shutting down and abandoning module Settings (18)
[2014.11.05-02.20.37:342][958]LogModuleManager: Shutting down and abandoning module ImageWrapper (17)
[2014.11.05-02.20.37:342][958]LogModuleManager: Shutting down and abandoning module OculusRift (14)
[2014.11.05-02.20.37:342][958]LogModuleManager: Shutting down and abandoning module ExampleDeviceProfileSelector (13)
[2014.11.05-02.20.37:342][958]LogModuleManager: Shutting down and abandoning module TextureCompressor (12)
[2014.11.05-02.20.37:342][958]LogModuleManager: Shutting down and abandoning module ShaderCore (11)
[2014.11.05-02.20.37:343][958]LogModuleManager: Shutting down and abandoning module SlateRHIRenderer (10)
[2014.11.05-02.20.37:344][958]LogModuleManager: Shutting down and abandoning module OpenGLDrv (9)
[2014.11.05-02.20.37:345][958]LogModuleManager: Shutting down and abandoning module D3D11RHI (8)
[2014.11.05-02.20.37:345][958]LogModuleManager: Shutting down and abandoning module Renderer (7)
[2014.11.05-02.20.37:346][958]LogModuleManager: Shutting down and abandoning module Engine (6)
[2014.11.05-02.20.37:346][958]LogModuleManager: Shutting down and abandoning module CoreUObject (5)
[2014.11.05-02.20.37:346][958]LogModuleManager: Shutting down and abandoning module NetworkFile (4)
[2014.11.05-02.20.37:346][958]LogModuleManager: Shutting down and abandoning module StreamingFile (3)
[2014.11.05-02.20.37:346][958]LogModuleManager: Shutting down and abandoning module SandboxFile (2)
[2014.11.05-02.20.37:347][958]LogModuleManager: Shutting down and abandoning module PakFile (1)
[2014.11.05-02.20.37:349][958]LogExit: Exiting.
[2014.11.05-02.20.37:362][958]Log file closed, 11/04/14 21:20:37
